{"/home/travis/build/npmtest/node-npmtest-htmlparser/test.js":{"path":"/home/travis/build/npmtest/node-npmtest-htmlparser/test.js","s":{"1":2,"2":2,"3":2,"4":2,"5":2,"6":2,"7":2,"8":1,"9":2,"10":2,"11":1,"12":1,"13":1,"14":1,"15":2,"16":2,"17":2,"18":2,"19":1,"20":1,"21":2,"22":2,"23":2,"24":1,"25":1,"26":1,"27":1,"28":1,"29":1,"30":1,"31":1,"32":1,"33":1,"34":1,"35":1,"36":1,"37":1,"38":1,"39":2,"40":2,"41":1,"42":2,"43":2,"44":1,"45":2,"46":2,"47":1,"48":2,"49":2,"50":1,"51":1,"52":1,"53":1,"54":1},"b":{"1":[2,1,1,1],"2":[1,1,1,1],"3":[1,1],"4":[1,1],"5":[1,1],"6":[1,1],"7":[1,1],"8":[1,1],"9":[1,1],"10":[1,1,1],"11":[1,1],"12":[1,1],"13":[1,1],"14":[1,1],"15":[1,1],"16":[1,1],"17":[1,1]},"f":{"1":2,"2":2,"3":2,"4":2,"5":2,"6":1,"7":1,"8":1,"9":2,"10":2,"11":2,"12":2,"13":1},"fnMap":{"1":{"name":"(anonymous_1)","line":12,"loc":{"start":{"line":12,"column":1},"end":{"line":12,"column":13}}},"2":{"name":"(anonymous_2)","line":19,"loc":{"start":{"line":19,"column":5},"end":{"line":19,"column":17}}},"3":{"name":"(anonymous_3)","line":23,"loc":{"start":{"line":23,"column":24},"end":{"line":23,"column":36}}},"4":{"name":"(anonymous_4)","line":61,"loc":{"start":{"line":61,"column":5},"end":{"line":61,"column":17}}},"5":{"name":"(anonymous_5)","line":82,"loc":{"start":{"line":82,"column":5},"end":{"line":82,"column":17}}},"6":{"name":"(anonymous_6)","line":91,"loc":{"start":{"line":91,"column":77},"end":{"line":94,"column":10}}},"7":{"name":"(anonymous_7)","line":112,"loc":{"start":{"line":112,"column":83},"end":{"line":115,"column":10}},"skip":true},"8":{"name":"(anonymous_8)","line":123,"loc":{"start":{"line":123,"column":77},"end":{"line":126,"column":10}},"skip":true},"9":{"name":"(anonymous_9)","line":139,"loc":{"start":{"line":139,"column":12},"end":{"line":139,"column":40}},"skip":true},"10":{"name":"(anonymous_10)","line":147,"loc":{"start":{"line":147,"column":77},"end":{"line":150,"column":10}},"skip":true},"11":{"name":"(anonymous_11)","line":158,"loc":{"start":{"line":158,"column":83},"end":{"line":161,"column":10}},"skip":true},"12":{"name":"(anonymous_12)","line":169,"loc":{"start":{"line":169,"column":79},"end":{"line":172,"column":10}},"skip":true},"13":{"name":"(anonymous_13)","line":180,"loc":{"start":{"line":180,"column":75},"end":{"line":183,"column":10}},"skip":true}},"statementMap":{"1":{"start":{"line":12,"column":0},"end":{"line":195,"column":5}},"2":{"start":{"line":14,"column":4},"end":{"line":14,"column":14}},"3":{"start":{"line":19,"column":4},"end":{"line":56,"column":9}},"4":{"start":{"line":21,"column":8},"end":{"line":21,"column":19}},"5":{"start":{"line":23,"column":8},"end":{"line":35,"column":13}},"6":{"start":{"line":24,"column":12},"end":{"line":34,"column":13}},"7":{"start":{"line":25,"column":16},"end":{"line":28,"column":30}},"8":{"start":{"line":30,"column":16},"end":{"line":33,"column":27}},"9":{"start":{"line":37,"column":8},"end":{"line":39,"column":21}},"10":{"start":{"line":40,"column":8},"end":{"line":53,"column":9}},"11":{"start":{"line":43,"column":12},"end":{"line":46,"column":14}},"12":{"start":{"line":47,"column":12},"end":{"line":47,"column":18}},"13":{"start":{"line":50,"column":12},"end":{"line":51,"column":46}},"14":{"start":{"line":52,"column":12},"end":{"line":52,"column":18}},"15":{"start":{"line":55,"column":8},"end":{"line":55,"column":35}},"16":{"start":{"line":61,"column":4},"end":{"line":63,"column":9}},"17":{"start":{"line":62,"column":8},"end":{"line":62,"column":15}},"18":{"start":{"line":64,"column":4},"end":{"line":77,"column":5}},"19":{"start":{"line":70,"column":8},"end":{"line":70,"column":14}},"20":{"start":{"line":76,"column":8},"end":{"line":76,"column":14}},"21":{"start":{"line":82,"column":4},"end":{"line":84,"column":9}},"22":{"start":{"line":83,"column":8},"end":{"line":83,"column":15}},"23":{"start":{"line":85,"column":4},"end":{"line":194,"column":5}},"24":{"start":{"line":91,"column":8},"end":{"line":99,"column":10}},"25":{"start":{"line":98,"column":12},"end":{"line":98,"column":35}},"26":{"start":{"line":102,"column":8},"end":{"line":104,"column":63}},"27":{"start":{"line":105,"column":8},"end":{"line":105,"column":14}},"28":{"start":{"line":112,"column":8},"end":{"line":121,"column":10},"skip":true},"29":{"start":{"line":119,"column":12},"end":{"line":119,"column":55},"skip":true},"30":{"start":{"line":120,"column":12},"end":{"line":120,"column":48},"skip":true},"31":{"start":{"line":123,"column":8},"end":{"line":136,"column":10},"skip":true},"32":{"start":{"line":130,"column":12},"end":{"line":130,"column":76},"skip":true},"33":{"start":{"line":131,"column":12},"end":{"line":131,"column":73},"skip":true},"34":{"start":{"line":132,"column":12},"end":{"line":132,"column":74},"skip":true},"35":{"start":{"line":133,"column":12},"end":{"line":133,"column":79},"skip":true},"36":{"start":{"line":134,"column":12},"end":{"line":134,"column":25},"skip":true},"37":{"start":{"line":135,"column":12},"end":{"line":135,"column":45},"skip":true},"38":{"start":{"line":138,"column":8},"end":{"line":145,"column":14},"skip":true},"39":{"start":{"line":143,"column":16},"end":{"line":143,"column":29},"skip":true},"40":{"start":{"line":144,"column":16},"end":{"line":144,"column":55},"skip":true},"41":{"start":{"line":147,"column":8},"end":{"line":156,"column":10},"skip":true},"42":{"start":{"line":154,"column":12},"end":{"line":154,"column":25},"skip":true},"43":{"start":{"line":155,"column":12},"end":{"line":155,"column":45},"skip":true},"44":{"start":{"line":158,"column":8},"end":{"line":167,"column":10},"skip":true},"45":{"start":{"line":165,"column":12},"end":{"line":165,"column":25},"skip":true},"46":{"start":{"line":166,"column":12},"end":{"line":166,"column":48},"skip":true},"47":{"start":{"line":169,"column":8},"end":{"line":178,"column":10},"skip":true},"48":{"start":{"line":176,"column":12},"end":{"line":176,"column":25},"skip":true},"49":{"start":{"line":177,"column":12},"end":{"line":177,"column":46},"skip":true},"50":{"start":{"line":180,"column":8},"end":{"line":189,"column":10},"skip":true},"51":{"start":{"line":187,"column":12},"end":{"line":187,"column":94},"skip":true},"52":{"start":{"line":188,"column":12},"end":{"line":188,"column":48},"skip":true},"53":{"start":{"line":192,"column":8},"end":{"line":192,"column":35},"skip":true},"54":{"start":{"line":193,"column":8},"end":{"line":193,"column":14},"skip":true}},"branchMap":{"1":{"line":25,"type":"binary-expr","locations":[{"start":{"line":25,"column":23},"end":{"line":25,"column":62}},{"start":{"line":26,"column":20},"end":{"line":26,"column":70}},{"start":{"line":27,"column":20},"end":{"line":27,"column":71}},{"start":{"line":28,"column":20},"end":{"line":28,"column":29}}]},"2":{"line":30,"type":"binary-expr","locations":[{"start":{"line":30,"column":23},"end":{"line":30,"column":37}},{"start":{"line":31,"column":20},"end":{"line":31,"column":61}},{"start":{"line":32,"column":20},"end":{"line":32,"column":70}},{"start":{"line":33,"column":20},"end":{"line":33,"column":26}}]},"3":{"line":37,"type":"cond-expr","locations":[{"start":{"line":38,"column":14},"end":{"line":38,"column":20}},{"start":{"line":39,"column":14},"end":{"line":39,"column":20}}]},"4":{"line":40,"type":"switch","locations":[{"start":{"line":42,"column":8},"end":{"line":47,"column":18}},{"start":{"line":49,"column":8},"end":{"line":52,"column":18}}]},"5":{"line":44,"type":"binary-expr","locations":[{"start":{"line":44,"column":16},"end":{"line":44,"column":44}},{"start":{"line":44,"column":48},"end":{"line":44,"column":66}}]},"6":{"line":50,"type":"binary-expr","locations":[{"start":{"line":50,"column":21},"end":{"line":50,"column":49}},{"start":{"line":50,"column":53},"end":{"line":50,"column":72}}]},"7":{"line":64,"type":"switch","locations":[{"start":{"line":69,"column":4},"end":{"line":70,"column":14}},{"start":{"line":75,"column":4},"end":{"line":76,"column":14}}]},"8":{"line":85,"type":"switch","locations":[{"start":{"line":90,"column":4},"end":{"line":105,"column":14}},{"start":{"line":111,"column":4},"end":{"line":193,"column":14},"skip":true}]},"9":{"line":91,"type":"binary-expr","locations":[{"start":{"line":91,"column":42},"end":{"line":91,"column":73}},{"start":{"line":91,"column":77},"end":{"line":99,"column":9}}]},"10":{"line":102,"type":"binary-expr","locations":[{"start":{"line":102,"column":18},"end":{"line":102,"column":32}},{"start":{"line":103,"column":12},"end":{"line":103,"column":53}},{"start":{"line":104,"column":12},"end":{"line":104,"column":61}}]},"11":{"line":112,"type":"binary-expr","locations":[{"start":{"line":112,"column":45},"end":{"line":112,"column":79},"skip":true},{"start":{"line":112,"column":83},"end":{"line":121,"column":9},"skip":true}]},"12":{"line":123,"type":"binary-expr","locations":[{"start":{"line":123,"column":42},"end":{"line":123,"column":73},"skip":true},{"start":{"line":123,"column":77},"end":{"line":136,"column":9},"skip":true}]},"13":{"line":138,"type":"binary-expr","locations":[{"start":{"line":138,"column":48},"end":{"line":138,"column":85},"skip":true},{"start":{"line":139,"column":12},"end":{"line":145,"column":13},"skip":true}]},"14":{"line":147,"type":"binary-expr","locations":[{"start":{"line":147,"column":42},"end":{"line":147,"column":73},"skip":true},{"start":{"line":147,"column":77},"end":{"line":156,"column":9},"skip":true}]},"15":{"line":158,"type":"binary-expr","locations":[{"start":{"line":158,"column":45},"end":{"line":158,"column":79},"skip":true},{"start":{"line":158,"column":83},"end":{"line":167,"column":9},"skip":true}]},"16":{"line":169,"type":"binary-expr","locations":[{"start":{"line":169,"column":43},"end":{"line":169,"column":75},"skip":true},{"start":{"line":169,"column":79},"end":{"line":178,"column":9},"skip":true}]},"17":{"line":180,"type":"binary-expr","locations":[{"start":{"line":180,"column":41},"end":{"line":180,"column":71},"skip":true},{"start":{"line":180,"column":75},"end":{"line":189,"column":9},"skip":true}]}},"code":["/* istanbul instrument in package npmtest_htmlparser */","/*jslint","    bitwise: true,","    browser: true,","    maxerr: 8,","    maxlen: 96,","    node: true,","    nomen: true,","    regexp: true,","    stupid: true","*/","(function () {","    'use strict';","    var local;","","","","    // run shared js-env code - pre-init","    (function () {","        // init local","        local = {};","        // init modeJs","        local.modeJs = (function () {","            try {","                return typeof navigator.userAgent === 'string' &&","                    typeof document.querySelector('body') === 'object' &&","                    typeof XMLHttpRequest.prototype.open === 'function' &&","                    'browser';","            } catch (errorCaughtBrowser) {","                return module.exports &&","                    typeof process.versions.node === 'string' &&","                    typeof require('http').createServer === 'function' &&","                    'node';","            }","        }());","        // init global","        local.global = local.modeJs === 'browser'","            ? window","            : global;","        switch (local.modeJs) {","        // re-init local from window.local","        case 'browser':","            local = local.global.utility2.objectSetDefault(","                local.global.utility2_rollup || local.global.local,","                local.global.utility2","            );","            break;","        // re-init local from example.js","        case 'node':","            local = (local.global.utility2_rollup || require('utility2'))","                .requireExampleJsFromReadme();","            break;","        }","        // export local","        local.global.local = local;","    }());","","","","    // run shared js-env code - function","    (function () {","        return;","    }());","    switch (local.modeJs) {","","","","    // run browser js-env code - function","    case 'browser':","        break;","","","","    // run node js-env code - function","    case 'node':","        break;","    }","","","","    // run shared js-env code - post-init","    (function () {","        return;","    }());","    switch (local.modeJs) {","","","","    // run browser js-env code - post-init","    case 'browser':","        local.testCase_browser_nullCase = local.testCase_browser_nullCase || function (","            options,","            onError","        ) {","        /*","         * this function will test browsers's null-case handling-behavior-behavior","         */","            onError(null, options);","        };","","        // run tests","        local.nop(local.modeTest &&","            document.querySelector('#testRunButton1') &&","            document.querySelector('#testRunButton1').click());","        break;","","","","    // run node js-env code - post-init","    /* istanbul ignore next */","    case 'node':","        local.testCase_buildApidoc_default = local.testCase_buildApidoc_default || function (","            options,","            onError","        ) {","        /*","         * this function will test buildApidoc's default handling-behavior-behavior","         */","            options = { modulePathList: module.paths };","            local.buildApidoc(options, onError);","        };","","        local.testCase_buildApp_default = local.testCase_buildApp_default || function (","            options,","            onError","        ) {","        /*","         * this function will test buildApp's default handling-behavior-behavior","         */","            local.testCase_buildReadme_default(options, local.onErrorThrow);","            local.testCase_buildLib_default(options, local.onErrorThrow);","            local.testCase_buildTest_default(options, local.onErrorThrow);","            local.testCase_buildCustomOrg_default(options, local.onErrorThrow);","            options = [];","            local.buildApp(options, onError);","        };","","        local.testCase_buildCustomOrg_default = local.testCase_buildCustomOrg_default ||","            function (options, onError) {","            /*","             * this function will test buildCustomOrg's default handling-behavior","             */","                options = {};","                local.buildCustomOrg(options, onError);","            };","","        local.testCase_buildLib_default = local.testCase_buildLib_default || function (","            options,","            onError","        ) {","        /*","         * this function will test buildLib's default handling-behavior","         */","            options = {};","            local.buildLib(options, onError);","        };","","        local.testCase_buildReadme_default = local.testCase_buildReadme_default || function (","            options,","            onError","        ) {","        /*","         * this function will test buildReadme's default handling-behavior-behavior","         */","            options = {};","            local.buildReadme(options, onError);","        };","","        local.testCase_buildTest_default = local.testCase_buildTest_default || function (","            options,","            onError","        ) {","        /*","         * this function will test buildTest's default handling-behavior","         */","            options = {};","            local.buildTest(options, onError);","        };","","        local.testCase_webpage_default = local.testCase_webpage_default || function (","            options,","            onError","        ) {","        /*","         * this function will test webpage's default handling-behavior","         */","            options = { modeCoverageMerge: true, url: local.serverLocalHost + '?modeTest=1' };","            local.browserTest(options, onError);","        };","","        // run test-server","        local.testRunServer(local);","        break;","    }","}());",""],"l":{"12":2,"14":2,"19":2,"21":2,"23":2,"24":2,"25":2,"30":1,"37":2,"40":2,"43":1,"47":1,"50":1,"52":1,"55":2,"61":2,"62":2,"64":2,"70":1,"76":1,"82":2,"83":2,"85":2,"91":1,"98":1,"102":1,"105":1,"112":1,"119":1,"120":1,"123":1,"130":1,"131":1,"132":1,"133":1,"134":1,"135":1,"138":1,"143":2,"144":2,"147":1,"154":2,"155":2,"158":1,"165":2,"166":2,"169":1,"176":2,"177":2,"180":1,"187":1,"188":1,"192":1,"193":1}},"/home/travis/build/npmtest/node-npmtest-htmlparser/lib.npmtest_htmlparser.js":{"path":"/home/travis/build/npmtest/node-npmtest-htmlparser/lib.npmtest_htmlparser.js","s":{"1":2,"2":2,"3":2,"4":2,"5":2,"6":2,"7":2,"8":1,"9":2,"10":2,"11":2,"12":2,"13":1,"14":1,"15":1,"16":1},"b":{"1":[2,1,1,1],"2":[1,1,1,1],"3":[1,1],"4":[2,2],"5":[1,1]},"f":{"1":2,"2":2,"3":2},"fnMap":{"1":{"name":"(anonymous_1)","line":12,"loc":{"start":{"line":12,"column":1},"end":{"line":12,"column":13}}},"2":{"name":"(anonymous_2)","line":19,"loc":{"start":{"line":19,"column":5},"end":{"line":19,"column":17}}},"3":{"name":"(anonymous_3)","line":23,"loc":{"start":{"line":23,"column":24},"end":{"line":23,"column":36}}}},"statementMap":{"1":{"start":{"line":12,"column":0},"end":{"line":53,"column":5}},"2":{"start":{"line":14,"column":4},"end":{"line":14,"column":14}},"3":{"start":{"line":19,"column":4},"end":{"line":52,"column":9}},"4":{"start":{"line":21,"column":8},"end":{"line":21,"column":19}},"5":{"start":{"line":23,"column":8},"end":{"line":35,"column":13}},"6":{"start":{"line":24,"column":12},"end":{"line":34,"column":13}},"7":{"start":{"line":25,"column":16},"end":{"line":28,"column":30}},"8":{"start":{"line":30,"column":16},"end":{"line":33,"column":27}},"9":{"start":{"line":37,"column":8},"end":{"line":39,"column":21}},"10":{"start":{"line":41,"column":8},"end":{"line":41,"column":54}},"11":{"start":{"line":43,"column":8},"end":{"line":43,"column":55}},"12":{"start":{"line":45,"column":8},"end":{"line":51,"column":9}},"13":{"start":{"line":46,"column":12},"end":{"line":46,"column":61}},"14":{"start":{"line":48,"column":12},"end":{"line":48,"column":35}},"15":{"start":{"line":49,"column":12},"end":{"line":49,"column":49}},"16":{"start":{"line":50,"column":12},"end":{"line":50,"column":43}}},"branchMap":{"1":{"line":25,"type":"binary-expr","locations":[{"start":{"line":25,"column":23},"end":{"line":25,"column":62}},{"start":{"line":26,"column":20},"end":{"line":26,"column":70}},{"start":{"line":27,"column":20},"end":{"line":27,"column":71}},{"start":{"line":28,"column":20},"end":{"line":28,"column":29}}]},"2":{"line":30,"type":"binary-expr","locations":[{"start":{"line":30,"column":23},"end":{"line":30,"column":37}},{"start":{"line":31,"column":20},"end":{"line":31,"column":61}},{"start":{"line":32,"column":20},"end":{"line":32,"column":70}},{"start":{"line":33,"column":20},"end":{"line":33,"column":26}}]},"3":{"line":37,"type":"cond-expr","locations":[{"start":{"line":38,"column":14},"end":{"line":38,"column":20}},{"start":{"line":39,"column":14},"end":{"line":39,"column":20}}]},"4":{"line":41,"type":"binary-expr","locations":[{"start":{"line":41,"column":16},"end":{"line":41,"column":44}},{"start":{"line":41,"column":48},"end":{"line":41,"column":53}}]},"5":{"line":45,"type":"if","locations":[{"start":{"line":45,"column":8},"end":{"line":45,"column":8}},{"start":{"line":45,"column":8},"end":{"line":45,"column":8}}]}},"code":["/* istanbul instrument in package npmtest_htmlparser */","/*jslint","    bitwise: true,","    browser: true,","    maxerr: 8,","    maxlen: 96,","    node: true,","    nomen: true,","    regexp: true,","    stupid: true","*/","(function () {","    'use strict';","    var local;","","","","    // run shared js-env code - pre-init","    (function () {","        // init local","        local = {};","        // init modeJs","        local.modeJs = (function () {","            try {","                return typeof navigator.userAgent === 'string' &&","                    typeof document.querySelector('body') === 'object' &&","                    typeof XMLHttpRequest.prototype.open === 'function' &&","                    'browser';","            } catch (errorCaughtBrowser) {","                return module.exports &&","                    typeof process.versions.node === 'string' &&","                    typeof require('http').createServer === 'function' &&","                    'node';","            }","        }());","        // init global","        local.global = local.modeJs === 'browser'","            ? window","            : global;","        // init utility2_rollup","        local = local.global.utility2_rollup || local;","        // init lib","        local.local = local.npmtest_htmlparser = local;","        // init exports","        if (local.modeJs === 'browser') {","            local.global.utility2_npmtest_htmlparser = local;","        } else {","            module.exports = local;","            module.exports.__dirname = __dirname;","            module.exports.module = module;","        }","    }());","}());",""],"l":{"12":2,"14":2,"19":2,"21":2,"23":2,"24":2,"25":2,"30":1,"37":2,"41":2,"43":2,"45":2,"46":1,"48":1,"49":1,"50":1}},"/home/travis/build/npmtest/node-npmtest-htmlparser/example.js":{"path":"/home/travis/build/npmtest/node-npmtest-htmlparser/example.js","s":{"1":2,"2":2,"3":2,"4":2,"5":2,"6":2,"7":2,"8":1,"9":2,"10":2,"11":2,"12":2,"13":1,"14":2,"15":2,"16":2,"17":2,"18":2,"19":0,"20":2,"21":1,"22":1,"23":1,"24":1,"25":1,"26":0,"27":0,"28":1,"29":1,"30":2,"31":0,"32":0,"33":0,"34":1,"35":2,"36":2,"37":3,"38":3,"39":3,"40":3,"41":0,"42":3,"43":3,"44":3,"45":1,"46":3,"47":1,"48":1,"49":1,"50":1,"51":1,"52":1,"53":1,"54":1,"55":1,"56":1,"57":0,"58":1,"59":6,"60":6,"61":1,"62":2,"63":0,"64":2,"65":1,"66":1,"67":0,"68":0,"69":0,"70":0,"71":0,"72":0,"73":0,"74":0,"75":0,"76":0,"77":0,"78":0,"79":0,"80":0,"81":0,"82":0,"83":0},"b":{"1":[2,1,1,1],"2":[1,1,1,1],"3":[1,1],"4":[2,2],"5":[1,1],"6":[1,1],"7":[2,0],"8":[2,1,1,1,1,1],"9":[0,2,0],"10":[1,1],"11":[2,1,1],"12":[1,0],"13":[0,2],"14":[2,0,0,0,0,0,0],"15":[0,3],"16":[3,0],"17":[1,1],"18":[0,1],"19":[1,2,0,2],"20":[1,0],"21":[1,1],"22":[0,0],"23":[0,0],"24":[0,0],"25":[0,0],"26":[0,0],"27":[0,0],"28":[0,0]},"f":{"1":2,"2":2,"3":2,"4":2,"5":2,"6":2,"7":3,"8":3,"9":3,"10":1,"11":6,"12":0},"fnMap":{"1":{"name":"(anonymous_1)","line":26,"loc":{"start":{"line":26,"column":1},"end":{"line":26,"column":13}}},"2":{"name":"(anonymous_2)","line":33,"loc":{"start":{"line":33,"column":5},"end":{"line":33,"column":17}}},"3":{"name":"(anonymous_3)","line":37,"loc":{"start":{"line":37,"column":24},"end":{"line":37,"column":36}}},"4":{"name":"(anonymous_4)","line":69,"loc":{"start":{"line":69,"column":31},"end":{"line":69,"column":48}},"skip":true},"5":{"name":"(anonymous_5)","line":78,"loc":{"start":{"line":78,"column":26},"end":{"line":78,"column":45}},"skip":true},"6":{"name":"(anonymous_6)","line":123,"loc":{"start":{"line":123,"column":33},"end":{"line":123,"column":48}},"skip":true},"7":{"name":"(anonymous_7)","line":125,"loc":{"start":{"line":125,"column":27},"end":{"line":125,"column":39}},"skip":true},"8":{"name":"(anonymous_8)","line":133,"loc":{"start":{"line":133,"column":59},"end":{"line":133,"column":74}},"skip":true},"9":{"name":"(anonymous_9)","line":143,"loc":{"start":{"line":143,"column":45},"end":{"line":143,"column":62}},"skip":true},"10":{"name":"(anonymous_10)","line":144,"loc":{"start":{"line":144,"column":73},"end":{"line":144,"column":92}},"skip":true},"11":{"name":"(anonymous_11)","line":272,"loc":{"start":{"line":272,"column":51},"end":{"line":272,"column":77}},"skip":true},"12":{"name":"(anonymous_12)","line":315,"loc":{"start":{"line":315,"column":32},"end":{"line":315,"column":61}},"skip":true}},"statementMap":{"1":{"start":{"line":26,"column":0},"end":{"line":326,"column":5}},"2":{"start":{"line":28,"column":4},"end":{"line":28,"column":14}},"3":{"start":{"line":33,"column":4},"end":{"line":60,"column":9}},"4":{"start":{"line":35,"column":8},"end":{"line":35,"column":19}},"5":{"start":{"line":37,"column":8},"end":{"line":49,"column":13}},"6":{"start":{"line":38,"column":12},"end":{"line":48,"column":13}},"7":{"start":{"line":39,"column":16},"end":{"line":42,"column":30}},"8":{"start":{"line":44,"column":16},"end":{"line":47,"column":27}},"9":{"start":{"line":51,"column":8},"end":{"line":53,"column":21}},"10":{"start":{"line":55,"column":8},"end":{"line":57,"column":45}},"11":{"start":{"line":59,"column":8},"end":{"line":59,"column":35}},"12":{"start":{"line":61,"column":4},"end":{"line":325,"column":5}},"13":{"start":{"line":69,"column":8},"end":{"line":121,"column":10},"skip":true},"14":{"start":{"line":70,"column":12},"end":{"line":88,"column":13},"skip":true},"15":{"start":{"line":76,"column":16},"end":{"line":87,"column":19},"skip":true},"16":{"start":{"line":79,"column":20},"end":{"line":86,"column":21},"skip":true},"17":{"start":{"line":82,"column":24},"end":{"line":82,"column":43},"skip":true},"18":{"start":{"line":83,"column":24},"end":{"line":83,"column":30},"skip":true},"19":{"start":{"line":85,"column":24},"end":{"line":85,"column":49},"skip":true},"20":{"start":{"line":89,"column":12},"end":{"line":107,"column":13},"skip":true},"21":{"start":{"line":92,"column":16},"end":{"line":102,"column":17},"skip":true},"22":{"start":{"line":93,"column":20},"end":{"line":93,"column":86},"skip":true},"23":{"start":{"line":94,"column":20},"end":{"line":95,"column":45},"skip":true},"24":{"start":{"line":96,"column":20},"end":{"line":96,"column":42},"skip":true},"25":{"start":{"line":97,"column":20},"end":{"line":97,"column":48},"skip":true},"26":{"start":{"line":100,"column":20},"end":{"line":100,"column":85},"skip":true},"27":{"start":{"line":101,"column":20},"end":{"line":101,"column":96},"skip":true},"28":{"start":{"line":103,"column":16},"end":{"line":103,"column":22},"skip":true},"29":{"start":{"line":106,"column":16},"end":{"line":106,"column":22},"skip":true},"30":{"start":{"line":108,"column":12},"end":{"line":120,"column":13},"skip":true},"31":{"start":{"line":114,"column":16},"end":{"line":119,"column":17},"skip":true},"32":{"start":{"line":116,"column":20},"end":{"line":116,"column":78},"skip":true},"33":{"start":{"line":118,"column":20},"end":{"line":118,"column":47},"skip":true},"34":{"start":{"line":123,"column":8},"end":{"line":141,"column":11},"skip":true},"35":{"start":{"line":124,"column":12},"end":{"line":124,"column":54},"skip":true},"36":{"start":{"line":125,"column":12},"end":{"line":140,"column":14},"skip":true},"37":{"start":{"line":126,"column":16},"end":{"line":126,"column":28},"skip":true},"38":{"start":{"line":127,"column":16},"end":{"line":127,"column":69},"skip":true},"39":{"start":{"line":128,"column":16},"end":{"line":128,"column":75},"skip":true},"40":{"start":{"line":129,"column":16},"end":{"line":131,"column":17},"skip":true},"41":{"start":{"line":130,"column":20},"end":{"line":130,"column":27},"skip":true},"42":{"start":{"line":133,"column":16},"end":{"line":137,"column":36},"skip":true},"43":{"start":{"line":134,"column":20},"end":{"line":136,"column":55},"skip":true},"44":{"start":{"line":139,"column":16},"end":{"line":139,"column":57},"skip":true},"45":{"start":{"line":143,"column":8},"end":{"line":147,"column":11},"skip":true},"46":{"start":{"line":144,"column":12},"end":{"line":146,"column":15},"skip":true},"47":{"start":{"line":145,"column":16},"end":{"line":145,"column":70},"skip":true},"48":{"start":{"line":149,"column":8},"end":{"line":149,"column":31},"skip":true},"49":{"start":{"line":150,"column":8},"end":{"line":150,"column":14},"skip":true},"50":{"start":{"line":158,"column":8},"end":{"line":158,"column":31},"skip":true},"51":{"start":{"line":160,"column":8},"end":{"line":160,"column":33},"skip":true},"52":{"start":{"line":161,"column":8},"end":{"line":161,"column":37},"skip":true},"53":{"start":{"line":162,"column":8},"end":{"line":162,"column":35},"skip":true},"54":{"start":{"line":164,"column":8},"end":{"line":164,"column":50},"skip":true},"55":{"start":{"line":166,"column":8},"end":{"line":256,"column":2},"skip":true},"56":{"start":{"line":258,"column":8},"end":{"line":286,"column":9},"skip":true},"57":{"start":{"line":259,"column":12},"end":{"line":269,"column":14},"skip":true},"58":{"start":{"line":271,"column":12},"end":{"line":285,"column":19},"skip":true},"59":{"start":{"line":274,"column":20},"end":{"line":274,"column":35},"skip":true},"60":{"start":{"line":275,"column":20},"end":{"line":284,"column":21},"skip":true},"61":{"start":{"line":277,"column":24},"end":{"line":277,"column":64},"skip":true},"62":{"start":{"line":279,"column":24},"end":{"line":279,"column":40},"skip":true},"63":{"start":{"line":281,"column":24},"end":{"line":281,"column":40},"skip":true},"64":{"start":{"line":283,"column":24},"end":{"line":283,"column":39},"skip":true},"65":{"start":{"line":288,"column":8},"end":{"line":290,"column":9},"skip":true},"66":{"start":{"line":289,"column":12},"end":{"line":289,"column":18},"skip":true},"67":{"start":{"line":291,"column":8},"end":{"line":293,"column":54},"skip":true},"68":{"start":{"line":296,"column":8},"end":{"line":301,"column":37},"skip":true},"69":{"start":{"line":303,"column":8},"end":{"line":303,"column":82},"skip":true},"70":{"start":{"line":306,"column":8},"end":{"line":308,"column":9},"skip":true},"71":{"start":{"line":307,"column":12},"end":{"line":307,"column":82},"skip":true},"72":{"start":{"line":310,"column":8},"end":{"line":312,"column":9},"skip":true},"73":{"start":{"line":311,"column":12},"end":{"line":311,"column":18},"skip":true},"74":{"start":{"line":313,"column":8},"end":{"line":313,"column":54},"skip":true},"75":{"start":{"line":314,"column":8},"end":{"line":314,"column":69},"skip":true},"76":{"start":{"line":315,"column":8},"end":{"line":323,"column":36},"skip":true},"77":{"start":{"line":316,"column":12},"end":{"line":316,"column":61},"skip":true},"78":{"start":{"line":317,"column":12},"end":{"line":320,"column":13},"skip":true},"79":{"start":{"line":318,"column":16},"end":{"line":318,"column":75},"skip":true},"80":{"start":{"line":319,"column":16},"end":{"line":319,"column":23},"skip":true},"81":{"start":{"line":321,"column":12},"end":{"line":321,"column":38},"skip":true},"82":{"start":{"line":322,"column":12},"end":{"line":322,"column":27},"skip":true},"83":{"start":{"line":324,"column":8},"end":{"line":324,"column":14},"skip":true}},"branchMap":{"1":{"line":39,"type":"binary-expr","locations":[{"start":{"line":39,"column":23},"end":{"line":39,"column":62}},{"start":{"line":40,"column":20},"end":{"line":40,"column":70}},{"start":{"line":41,"column":20},"end":{"line":41,"column":71}},{"start":{"line":42,"column":20},"end":{"line":42,"column":29}}]},"2":{"line":44,"type":"binary-expr","locations":[{"start":{"line":44,"column":23},"end":{"line":44,"column":37}},{"start":{"line":45,"column":20},"end":{"line":45,"column":61}},{"start":{"line":46,"column":20},"end":{"line":46,"column":70}},{"start":{"line":47,"column":20},"end":{"line":47,"column":26}}]},"3":{"line":51,"type":"cond-expr","locations":[{"start":{"line":52,"column":14},"end":{"line":52,"column":20}},{"start":{"line":53,"column":14},"end":{"line":53,"column":20}}]},"4":{"line":55,"type":"binary-expr","locations":[{"start":{"line":55,"column":16},"end":{"line":55,"column":44}},{"start":{"line":55,"column":49},"end":{"line":57,"column":43}}]},"5":{"line":55,"type":"cond-expr","locations":[{"start":{"line":56,"column":14},"end":{"line":56,"column":54}},{"start":{"line":57,"column":14},"end":{"line":57,"column":43}}]},"6":{"line":61,"type":"switch","locations":[{"start":{"line":68,"column":4},"end":{"line":150,"column":14},"skip":true},{"start":{"line":156,"column":4},"end":{"line":324,"column":14},"skip":true}]},"7":{"line":70,"type":"if","locations":[{"start":{"line":70,"column":12},"end":{"line":70,"column":12},"skip":true},{"start":{"line":70,"column":12},"end":{"line":70,"column":12},"skip":true}]},"8":{"line":70,"type":"binary-expr","locations":[{"start":{"line":70,"column":16},"end":{"line":70,"column":22},"skip":true},{"start":{"line":70,"column":27},"end":{"line":70,"column":32},"skip":true},{"start":{"line":71,"column":20},"end":{"line":71,"column":39},"skip":true},{"start":{"line":72,"column":20},"end":{"line":72,"column":49},"skip":true},{"start":{"line":73,"column":20},"end":{"line":73,"column":58},"skip":true},{"start":{"line":74,"column":20},"end":{"line":74,"column":69},"skip":true}]},"9":{"line":79,"type":"switch","locations":[{"start":{"line":80,"column":20},"end":{"line":80,"column":33},"skip":true},{"start":{"line":81,"column":20},"end":{"line":83,"column":30},"skip":true},{"start":{"line":84,"column":20},"end":{"line":85,"column":49},"skip":true}]},"10":{"line":89,"type":"switch","locations":[{"start":{"line":90,"column":12},"end":{"line":103,"column":22},"skip":true},{"start":{"line":105,"column":12},"end":{"line":106,"column":22},"skip":true}]},"11":{"line":89,"type":"binary-expr","locations":[{"start":{"line":89,"column":20},"end":{"line":89,"column":25},"skip":true},{"start":{"line":89,"column":29},"end":{"line":89,"column":48},"skip":true},{"start":{"line":89,"column":52},"end":{"line":89,"column":74},"skip":true}]},"12":{"line":92,"type":"if","locations":[{"start":{"line":92,"column":16},"end":{"line":92,"column":16},"skip":true},{"start":{"line":92,"column":16},"end":{"line":92,"column":16},"skip":true}]},"13":{"line":108,"type":"if","locations":[{"start":{"line":108,"column":12},"end":{"line":108,"column":12},"skip":true},{"start":{"line":108,"column":12},"end":{"line":108,"column":12},"skip":true}]},"14":{"line":108,"type":"binary-expr","locations":[{"start":{"line":108,"column":16},"end":{"line":108,"column":61},"skip":true},{"start":{"line":108,"column":66},"end":{"line":108,"column":72},"skip":true},{"start":{"line":108,"column":77},"end":{"line":108,"column":82},"skip":true},{"start":{"line":109,"column":20},"end":{"line":109,"column":39},"skip":true},{"start":{"line":110,"column":20},"end":{"line":110,"column":49},"skip":true},{"start":{"line":111,"column":20},"end":{"line":111,"column":58},"skip":true},{"start":{"line":112,"column":20},"end":{"line":112,"column":68},"skip":true}]},"15":{"line":129,"type":"if","locations":[{"start":{"line":129,"column":16},"end":{"line":129,"column":16},"skip":true},{"start":{"line":129,"column":16},"end":{"line":129,"column":16},"skip":true}]},"16":{"line":134,"type":"cond-expr","locations":[{"start":{"line":135,"column":26},"end":{"line":135,"column":29},"skip":true},{"start":{"line":136,"column":26},"end":{"line":136,"column":54},"skip":true}]},"17":{"line":164,"type":"binary-expr","locations":[{"start":{"line":164,"column":27},"end":{"line":164,"column":43},"skip":true},{"start":{"line":164,"column":47},"end":{"line":164,"column":49},"skip":true}]},"18":{"line":258,"type":"if","locations":[{"start":{"line":258,"column":8},"end":{"line":258,"column":8},"skip":true},{"start":{"line":258,"column":8},"end":{"line":258,"column":8},"skip":true}]},"19":{"line":275,"type":"switch","locations":[{"start":{"line":276,"column":20},"end":{"line":277,"column":64},"skip":true},{"start":{"line":278,"column":20},"end":{"line":279,"column":40},"skip":true},{"start":{"line":280,"column":20},"end":{"line":281,"column":40},"skip":true},{"start":{"line":282,"column":20},"end":{"line":283,"column":39},"skip":true}]},"20":{"line":288,"type":"if","locations":[{"start":{"line":288,"column":8},"end":{"line":288,"column":8},"skip":true},{"start":{"line":288,"column":8},"end":{"line":288,"column":8},"skip":true}]},"21":{"line":288,"type":"binary-expr","locations":[{"start":{"line":288,"column":12},"end":{"line":288,"column":40},"skip":true},{"start":{"line":288,"column":44},"end":{"line":288,"column":67},"skip":true}]},"22":{"line":292,"type":"binary-expr","locations":[{"start":{"line":292,"column":12},"end":{"line":292,"column":50},"skip":true},{"start":{"line":293,"column":12},"end":{"line":293,"column":53},"skip":true}]},"23":{"line":297,"type":"binary-expr","locations":[{"start":{"line":297,"column":12},"end":{"line":297,"column":68},"skip":true},{"start":{"line":298,"column":12},"end":{"line":301,"column":36},"skip":true}]},"24":{"line":303,"type":"binary-expr","locations":[{"start":{"line":303,"column":43},"end":{"line":303,"column":75},"skip":true},{"start":{"line":303,"column":79},"end":{"line":303,"column":81},"skip":true}]},"25":{"line":306,"type":"if","locations":[{"start":{"line":306,"column":8},"end":{"line":306,"column":8},"skip":true},{"start":{"line":306,"column":8},"end":{"line":306,"column":8},"skip":true}]},"26":{"line":310,"type":"if","locations":[{"start":{"line":310,"column":8},"end":{"line":310,"column":8},"skip":true},{"start":{"line":310,"column":8},"end":{"line":310,"column":8},"skip":true}]},"27":{"line":313,"type":"binary-expr","locations":[{"start":{"line":313,"column":27},"end":{"line":313,"column":43},"skip":true},{"start":{"line":313,"column":47},"end":{"line":313,"column":53},"skip":true}]},"28":{"line":317,"type":"if","locations":[{"start":{"line":317,"column":12},"end":{"line":317,"column":12},"skip":true},{"start":{"line":317,"column":12},"end":{"line":317,"column":12},"skip":true}]}},"code":["/*","example.js","","quickstart example","","instruction","    1. save this script as example.js","    2. run the shell command:","        $ npm install npmtest-htmlparser && PORT=8081 node example.js","    3. play with the browser-demo on http://127.0.0.1:8081","*/","","","","/* istanbul instrument in package npmtest_htmlparser */","/*jslint","    bitwise: true,","    browser: true,","    maxerr: 8,","    maxlen: 96,","    node: true,","    nomen: true,","    regexp: true,","    stupid: true","*/","(function () {","    'use strict';","    var local;","","","","    // run shared js-env code - pre-init","    (function () {","        // init local","        local = {};","        // init modeJs","        local.modeJs = (function () {","            try {","                return typeof navigator.userAgent === 'string' &&","                    typeof document.querySelector('body') === 'object' &&","                    typeof XMLHttpRequest.prototype.open === 'function' &&","                    'browser';","            } catch (errorCaughtBrowser) {","                return module.exports &&","                    typeof process.versions.node === 'string' &&","                    typeof require('http').createServer === 'function' &&","                    'node';","            }","        }());","        // init global","        local.global = local.modeJs === 'browser'","            ? window","            : global;","        // init utility2_rollup","        local = local.global.utility2_rollup || (local.modeJs === 'browser'","            ? local.global.utility2_npmtest_htmlparser","            : global.utility2_moduleExports);","        // export local","        local.global.local = local;","    }());","    switch (local.modeJs) {","","","","    // post-init","    // run browser js-env code - post-init","    /* istanbul ignore next */","    case 'browser':","        local.testRunBrowser = function (event) {","            if (!event || (event &&","                    event.currentTarget &&","                    event.currentTarget.className &&","                    event.currentTarget.className.includes &&","                    event.currentTarget.className.includes('onreset'))) {","                // reset output","                Array.from(","                    document.querySelectorAll('body > .resettable')","                ).forEach(function (element) {","                    switch (element.tagName) {","                    case 'INPUT':","                    case 'TEXTAREA':","                        element.value = '';","                        break;","                    default:","                        element.textContent = '';","                    }","                });","            }","            switch (event && event.currentTarget && event.currentTarget.id) {","            case 'testRunButton1':","                // show tests","                if (document.querySelector('#testReportDiv1').style.display === 'none') {","                    document.querySelector('#testReportDiv1').style.display = 'block';","                    document.querySelector('#testRunButton1').textContent =","                        'hide internal test';","                    local.modeTest = true;","                    local.testRunDefault(local);","                // hide tests","                } else {","                    document.querySelector('#testReportDiv1').style.display = 'none';","                    document.querySelector('#testRunButton1').textContent = 'run internal test';","                }","                break;","            // custom-case","            default:","                break;","            }","            if (document.querySelector('#inputTextareaEval1') && (!event || (event &&","                    event.currentTarget &&","                    event.currentTarget.className &&","                    event.currentTarget.className.includes &&","                    event.currentTarget.className.includes('oneval')))) {","                // try to eval input-code","                try {","                    /*jslint evil: true*/","                    eval(document.querySelector('#inputTextareaEval1').value);","                } catch (errorCaught) {","                    console.error(errorCaught);","                }","            }","        };","        // log stderr and stdout to #outputTextareaStdout1","        ['error', 'log'].forEach(function (key) {","            console[key + '_original'] = console[key];","            console[key] = function () {","                var element;","                console[key + '_original'].apply(console, arguments);","                element = document.querySelector('#outputTextareaStdout1');","                if (!element) {","                    return;","                }","                // append text to #outputTextareaStdout1","                element.value += Array.from(arguments).map(function (arg) {","                    return typeof arg === 'string'","                        ? arg","                        : JSON.stringify(arg, null, 4);","                }).join(' ') + '\\n';","                // scroll textarea to bottom","                element.scrollTop = element.scrollHeight;","            };","        });","        // init event-handling","        ['change', 'click', 'keyup'].forEach(function (event) {","            Array.from(document.querySelectorAll('.on' + event)).forEach(function (element) {","                element.addEventListener(event, local.testRunBrowser);","            });","        });","        // run tests","        local.testRunBrowser();","        break;","","","","    // run node js-env code - post-init","    /* istanbul ignore next */","    case 'node':","        // export local","        module.exports = local;","        // require modules","        local.fs = require('fs');","        local.http = require('http');","        local.url = require('url');","        // init assets","        local.assetsDict = local.assetsDict || {};","        /* jslint-ignore-begin */","        local.assetsDict['/assets.index.template.html'] = '\\","<!doctype html>\\n\\","<html lang=\"en\">\\n\\","<head>\\n\\","<meta charset=\"UTF-8\">\\n\\","<meta name=\"viewport\" content=\"width=device-width, initial-scale=1\">\\n\\","<title>{{env.npm_package_name}} (v{{env.npm_package_version}})</title>\\n\\","<style>\\n\\","/*csslint\\n\\","    box-sizing: false,\\n\\","    universal-selector: false\\n\\","*/\\n\\","* {\\n\\","    box-sizing: border-box;\\n\\","}\\n\\","body {\\n\\","    background: #dde;\\n\\","    font-family: Arial, Helvetica, sans-serif;\\n\\","    margin: 2rem;\\n\\","}\\n\\","body > * {\\n\\","    margin-bottom: 1rem;\\n\\","}\\n\\",".utility2FooterDiv {\\n\\","    margin-top: 20px;\\n\\","    text-align: center;\\n\\","}\\n\\","</style>\\n\\","<style>\\n\\","/*csslint\\n\\","*/\\n\\","textarea {\\n\\","    font-family: monospace;\\n\\","    height: 10rem;\\n\\","    width: 100%;\\n\\","}\\n\\","textarea[readonly] {\\n\\","    background: #ddd;\\n\\","}\\n\\","</style>\\n\\","</head>\\n\\","<body>\\n\\","<!-- utility2-comment\\n\\","<div id=\"ajaxProgressDiv1\" style=\"background: #d00; height: 2px; left: 0; margin: 0; padding: 0; position: fixed; top: 0; transition: background 0.5s, width 1.5s; width: 25%;\"></div>\\n\\","utility2-comment -->\\n\\","<h1>\\n\\","<!-- utility2-comment\\n\\","    <a\\n\\","        {{#if env.npm_package_homepage}}\\n\\","        href=\"{{env.npm_package_homepage}}\"\\n\\","        {{/if env.npm_package_homepage}}\\n\\","        target=\"_blank\"\\n\\","    >\\n\\","utility2-comment -->\\n\\","        {{env.npm_package_name}} (v{{env.npm_package_version}})\\n\\","<!-- utility2-comment\\n\\","    </a>\\n\\","utility2-comment -->\\n\\","</h1>\\n\\","<h3>{{env.npm_package_description}}</h3>\\n\\","<!-- utility2-comment\\n\\","<h4><a download href=\"assets.app.js\">download standalone app</a></h4>\\n\\","<button class=\"onclick onreset\" id=\"testRunButton1\">run internal test</button><br>\\n\\","<div id=\"testReportDiv1\" style=\"display: none;\"></div>\\n\\","utility2-comment -->\\n\\","\\n\\","\\n\\","\\n\\","<label>stderr and stdout</label>\\n\\","<textarea class=\"resettable\" id=\"outputTextareaStdout1\" readonly></textarea>\\n\\","<!-- utility2-comment\\n\\","{{#if isRollup}}\\n\\","<script src=\"assets.app.js\"></script>\\n\\","{{#unless isRollup}}\\n\\","utility2-comment -->\\n\\","<script src=\"assets.utility2.rollup.js\"></script>\\n\\","<script src=\"jsonp.utility2._stateInit?callback=window.utility2._stateInit\"></script>\\n\\","<script src=\"assets.npmtest_htmlparser.rollup.js\"></script>\\n\\","<script src=\"assets.example.js\"></script>\\n\\","<script src=\"assets.test.js\"></script>\\n\\","<!-- utility2-comment\\n\\","{{/if isRollup}}\\n\\","utility2-comment -->\\n\\","<div class=\"utility2FooterDiv\">\\n\\","    [ this app was created with\\n\\","    <a href=\"https://github.com/kaizhu256/node-utility2\" target=\"_blank\">utility2</a>\\n\\","    ]\\n\\","</div>\\n\\","</body>\\n\\","</html>\\n\\","';","        /* jslint-ignore-end */","        if (local.templateRender) {","            local.assetsDict['/'] = local.templateRender(","                local.assetsDict['/assets.index.template.html'],","                {","                    env: local.objectSetDefault(local.env, {","                        npm_package_description: 'the greatest app in the world!',","                        npm_package_name: 'my-app',","                        npm_package_nameAlias: 'my_app',","                        npm_package_version: '0.0.1'","                    })","                }","            );","        } else {","            local.assetsDict['/'] = local.assetsDict['/assets.index.template.html']","                .replace((/\\{\\{env\\.(\\w+?)\\}\\}/g), function (match0, match1) {","                    // jslint-hack","                    String(match0);","                    switch (match1) {","                    case 'npm_package_description':","                        return 'the greatest app in the world!';","                    case 'npm_package_name':","                        return 'my-app';","                    case 'npm_package_nameAlias':","                        return 'my_app';","                    case 'npm_package_version':","                        return '0.0.1';","                    }","                });","        }","        // run the cli","        if (local.global.utility2_rollup || module !== require.main) {","            break;","        }","        local.assetsDict['/assets.example.js'] =","            local.assetsDict['/assets.example.js'] ||","            local.fs.readFileSync(__filename, 'utf8');","        // bug-workaround - long $npm_package_buildCustomOrg","        /* jslint-ignore-begin */","        local.assetsDict['/assets.npmtest_htmlparser.rollup.js'] =","            local.assetsDict['/assets.npmtest_htmlparser.rollup.js'] ||","            local.fs.readFileSync(","                local.npmtest_htmlparser.__dirname + '/lib.npmtest_htmlparser.js',","                'utf8'","            ).replace((/^#!/), '//');","        /* jslint-ignore-end */","        local.assetsDict['/favicon.ico'] = local.assetsDict['/favicon.ico'] || '';","        // if $npm_config_timeout_exit exists,","        // then exit this process after $npm_config_timeout_exit ms","        if (Number(process.env.npm_config_timeout_exit)) {","            setTimeout(process.exit, Number(process.env.npm_config_timeout_exit));","        }","        // start server","        if (local.global.utility2_serverHttp1) {","            break;","        }","        process.env.PORT = process.env.PORT || '8081';","        console.error('server starting on port ' + process.env.PORT);","        local.http.createServer(function (request, response) {","            request.urlParsed = local.url.parse(request.url);","            if (local.assetsDict[request.urlParsed.pathname] !== undefined) {","                response.end(local.assetsDict[request.urlParsed.pathname]);","                return;","            }","            response.statusCode = 404;","            response.end();","        }).listen(process.env.PORT);","        break;","    }","}());",""],"l":{"26":2,"28":2,"33":2,"35":2,"37":2,"38":2,"39":2,"44":1,"51":2,"55":2,"59":2,"61":2,"69":1,"70":2,"76":2,"79":2,"82":2,"83":2,"85":1,"89":2,"92":1,"93":1,"94":1,"96":1,"97":1,"100":1,"101":1,"103":1,"106":1,"108":2,"114":1,"116":1,"118":1,"123":1,"124":2,"125":2,"126":3,"127":3,"128":3,"129":3,"130":1,"133":3,"134":3,"139":3,"143":1,"144":3,"145":1,"149":1,"150":1,"158":1,"160":1,"161":1,"162":1,"164":1,"166":1,"258":1,"259":1,"271":1,"274":6,"275":6,"277":1,"279":2,"281":1,"283":2,"288":1,"289":1,"291":1,"296":1,"303":1,"306":1,"307":1,"310":1,"311":1,"313":1,"314":1,"315":1,"316":1,"317":1,"318":1,"319":1,"321":1,"322":1,"324":1}},"/home/travis/build/npmtest/node-npmtest-htmlparser/node_modules/htmlparser/lib/htmlparser.js":{"path":"/home/travis/build/npmtest/node-npmtest-htmlparser/node_modules/htmlparser/lib/htmlparser.js","s":{"1":1,"2":1,"3":1,"4":1,"5":0,"6":0,"7":0,"8":0,"9":0,"10":0,"11":1,"12":1,"13":0,"14":0,"15":0,"16":0,"17":0,"18":0,"19":1,"20":1,"21":1,"22":1,"23":1,"24":1,"25":1,"26":0,"27":0,"28":0,"29":1,"30":0,"31":0,"32":0,"33":0,"34":1,"35":0,"36":0,"37":0,"38":0,"39":0,"40":0,"41":0,"42":0,"43":0,"44":0,"45":0,"46":0,"47":0,"48":1,"49":0,"50":0,"51":0,"52":0,"53":0,"54":0,"55":0,"56":0,"57":0,"58":0,"59":0,"60":1,"61":1,"62":1,"63":1,"64":1,"65":1,"66":1,"67":1,"68":1,"69":1,"70":1,"71":1,"72":1,"73":0,"74":0,"75":0,"76":0,"77":0,"78":0,"79":0,"80":1,"81":0,"82":0,"83":0,"84":0,"85":0,"86":0,"87":0,"88":0,"89":0,"90":0,"91":0,"92":0,"93":0,"94":0,"95":0,"96":0,"97":0,"98":0,"99":0,"100":1,"101":0,"102":0,"103":0,"104":0,"105":0,"106":0,"107":1,"108":0,"109":0,"110":0,"111":0,"112":0,"113":0,"114":0,"115":0,"116":0,"117":0,"118":0,"119":0,"120":0,"121":0,"122":0,"123":0,"124":0,"125":0,"126":0,"127":0,"128":0,"129":0,"130":0,"131":0,"132":0,"133":0,"134":0,"135":0,"136":0,"137":0,"138":0,"139":0,"140":0,"141":0,"142":0,"143":0,"144":0,"145":0,"146":0,"147":0,"148":0,"149":0,"150":0,"151":0,"152":0,"153":0,"154":0,"155":0,"156":0,"157":0,"158":0,"159":0,"160":0,"161":0,"162":0,"163":0,"164":0,"165":0,"166":0,"167":0,"168":0,"169":0,"170":0,"171":0,"172":0,"173":0,"174":0,"175":0,"176":0,"177":0,"178":0,"179":0,"180":0,"181":0,"182":0,"183":0,"184":0,"185":0,"186":0,"187":0,"188":0,"189":0,"190":0,"191":0,"192":0,"193":0,"194":0,"195":0,"196":0,"197":0,"198":0,"199":0,"200":1,"201":0,"202":0,"203":0,"204":0,"205":0,"206":0,"207":0,"208":0,"209":0,"210":1,"211":0,"212":0,"213":0,"214":0,"215":0,"216":0,"217":0,"218":0,"219":0,"220":0,"221":0,"222":0,"223":0,"224":0,"225":1,"226":0,"227":0,"228":0,"229":0,"230":0,"231":0,"232":0,"233":0,"234":0,"235":0,"236":0,"237":0,"238":0,"239":0,"240":1,"241":0,"242":0,"243":0,"244":1,"245":0,"246":1,"247":1,"248":0,"249":0,"250":0,"251":0,"252":0,"253":0,"254":0,"255":0,"256":0,"257":0,"258":0,"259":0,"260":0,"261":0,"262":0,"263":0,"264":0,"265":0,"266":0,"267":0,"268":0,"269":0,"270":0,"271":0,"272":0,"273":0,"274":0,"275":0,"276":0,"277":0,"278":0,"279":0,"280":0,"281":0,"282":0,"283":0,"284":0,"285":0,"286":0,"287":0,"288":0,"289":0,"290":0,"291":0,"292":0,"293":0,"294":0,"295":0,"296":0,"297":0,"298":0,"299":0,"300":0,"301":0,"302":0,"303":0,"304":0,"305":0,"306":0,"307":0,"308":0,"309":0,"310":0,"311":0,"312":1,"313":0,"314":0,"315":0,"316":0,"317":0,"318":0,"319":0,"320":0,"321":0,"322":0,"323":1,"324":1,"325":1,"326":1,"327":0,"328":0,"329":0,"330":0,"331":0,"332":1,"333":0,"334":0,"335":1,"336":0,"337":1,"338":0,"339":0,"340":0,"341":0,"342":1,"343":0,"344":1,"345":0,"346":1,"347":0,"348":1,"349":1,"350":1,"351":1,"352":1,"353":0,"354":0,"355":0,"356":0,"357":0,"358":1,"359":0,"360":0,"361":0,"362":0,"363":1,"364":0,"365":0,"366":0,"367":0,"368":0,"369":0,"370":0,"371":0,"372":0,"373":0,"374":0,"375":0,"376":0,"377":0,"378":0,"379":0,"380":0,"381":0,"382":0,"383":0,"384":0,"385":0,"386":0,"387":0,"388":0,"389":0,"390":0,"391":0,"392":0,"393":0,"394":1,"395":0,"396":0,"397":0,"398":0,"399":0,"400":0,"401":0,"402":0,"403":0,"404":0,"405":0,"406":0,"407":0,"408":0,"409":0,"410":0,"411":0,"412":0,"413":0,"414":0,"415":0,"416":0,"417":0,"418":0,"419":0,"420":1,"421":0,"422":0,"423":0,"424":0,"425":0,"426":0,"427":0,"428":0,"429":0,"430":0,"431":0,"432":0,"433":0,"434":0,"435":0,"436":0,"437":0,"438":0,"439":0,"440":0,"441":0,"442":0,"443":0,"444":1,"445":1,"446":1,"447":1,"448":1,"449":1,"450":1,"451":1,"452":1,"453":1,"454":1},"b":{"1":[1,1,1,1,1],"2":[0,1],"3":[0,0],"4":[0,0],"5":[0,0],"6":[0,0],"7":[0,0],"8":[0,0],"9":[0,0],"10":[0,0],"11":[0,0],"12":[0,0,0],"13":[0,0],"14":[0,0,0],"15":[0,0],"16":[0,0,0],"17":[0,0],"18":[0,0],"19":[0,0],"20":[0,0],"21":[0,0],"22":[0,0],"23":[0,0],"24":[0,0],"25":[0,0],"26":[0,0],"27":[0,0],"28":[0,0],"29":[0,0],"30":[0,0],"31":[0,0],"32":[0,0],"33":[0,0],"34":[0,0],"35":[0,0],"36":[0,0],"37":[0,0],"38":[0,0],"39":[0,0],"40":[0,0],"41":[0,0],"42":[0,0],"43":[0,0],"44":[0,0],"45":[0,0],"46":[0,0],"47":[0,0,0],"48":[0,0],"49":[0,0],"50":[0,0],"51":[0,0],"52":[0,0],"53":[0,0],"54":[0,0],"55":[0,0,0],"56":[0,0],"57":[0,0],"58":[0,0],"59":[0,0],"60":[0,0],"61":[0,0],"62":[0,0],"63":[0,0],"64":[0,0],"65":[0,0],"66":[0,0],"67":[0,0],"68":[0,0],"69":[0,0],"70":[0,0],"71":[0,0,0,0],"72":[0,0],"73":[0,0],"74":[0,0],"75":[0,0],"76":[0,0,0],"77":[0,0],"78":[0,0],"79":[0,0],"80":[0,0],"81":[0,0],"82":[0,0],"83":[0,0],"84":[0,0],"85":[0,0],"86":[0,0],"87":[0,0],"88":[0,0],"89":[0,0,0,0],"90":[0,0],"91":[0,0],"92":[0,0],"93":[0,0],"94":[0,0],"95":[0,0],"96":[0,0],"97":[0,0],"98":[0,0],"99":[0,0],"100":[0,0],"101":[0,0],"102":[0,0],"103":[0,0],"104":[0,0],"105":[0,0],"106":[0,0],"107":[0,0],"108":[0,0],"109":[0,0],"110":[0,0,0],"111":[0,0],"112":[0,0],"113":[0,0,0],"114":[0,0],"115":[0,0],"116":[0,0],"117":[0,0,0],"118":[0,0],"119":[0,0],"120":[0,0],"121":[0,0],"122":[0,0],"123":[0,0],"124":[0,0],"125":[0,0],"126":[0,0],"127":[0,0],"128":[0,0],"129":[0,0,0],"130":[0,0],"131":[0,0],"132":[0,0],"133":[0,0],"134":[0,0],"135":[0,0,0],"136":[0,0],"137":[0,0],"138":[0,0],"139":[0,0,0],"140":[0,0],"141":[0,0],"142":[0,0],"143":[0,0],"144":[0,0],"145":[0,0],"146":[0,0],"147":[0,0],"148":[0,0],"149":[0,0],"150":[0,0],"151":[0,0]},"f":{"1":1,"2":1,"3":0,"4":0,"5":0,"6":0,"7":0,"8":0,"9":0,"10":0,"11":0,"12":0,"13":0,"14":0,"15":0,"16":0,"17":0,"18":0,"19":0,"20":0,"21":0,"22":0,"23":0,"24":0,"25":0,"26":0,"27":0,"28":0,"29":0,"30":0,"31":0,"32":0,"33":0,"34":0,"35":0,"36":0,"37":0,"38":0,"39":0,"40":1,"41":1},"fnMap":{"1":{"name":"(anonymous_1)","line":23,"loc":{"start":{"line":23,"column":1},"end":{"line":23,"column":13}}},"2":{"name":"runningInNode","line":25,"loc":{"start":{"line":25,"column":0},"end":{"line":25,"column":26}}},"3":{"name":"Parser","line":58,"loc":{"start":{"line":58,"column":0},"end":{"line":58,"column":35}}},"4":{"name":"Parser$parseComplete","line":84,"loc":{"start":{"line":84,"column":34},"end":{"line":84,"column":71}}},"5":{"name":"Parser$parseChunk","line":91,"loc":{"start":{"line":91,"column":31},"end":{"line":91,"column":65}}},"6":{"name":"Parser$done","line":99,"loc":{"start":{"line":99,"column":25},"end":{"line":99,"column":49}}},"7":{"name":"Parser$reset","line":124,"loc":{"start":{"line":124,"column":26},"end":{"line":124,"column":51}}},"8":{"name":"Parser$parseTagAttribs","line":162,"loc":{"start":{"line":162,"column":36},"end":{"line":162,"column":79}}},"9":{"name":"Parser$parseAttribs","line":176,"loc":{"start":{"line":176,"column":33},"end":{"line":176,"column":72}}},"10":{"name":"Parser$parseTagName","line":205,"loc":{"start":{"line":205,"column":33},"end":{"line":205,"column":69}}},"11":{"name":"Parser$parseTags","line":216,"loc":{"start":{"line":216,"column":30},"end":{"line":216,"column":59}}},"12":{"name":"Parser$getLocation","line":387,"loc":{"start":{"line":387,"column":32},"end":{"line":387,"column":71}}},"13":{"name":"Parser$validateHandler","line":409,"loc":{"start":{"line":409,"column":36},"end":{"line":409,"column":78}}},"14":{"name":"Parser$writeHandler","line":427,"loc":{"start":{"line":427,"column":33},"end":{"line":427,"column":75}}},"15":{"name":"Parser$handleError","line":450,"loc":{"start":{"line":450,"column":32},"end":{"line":450,"column":68}}},"16":{"name":"RssHandler","line":458,"loc":{"start":{"line":458,"column":0},"end":{"line":458,"column":31}}},"17":{"name":"RssHandler$done","line":463,"loc":{"start":{"line":463,"column":29},"end":{"line":463,"column":57}}},"18":{"name":"(anonymous_18)","line":467,"loc":{"start":{"line":467,"column":44},"end":{"line":467,"column":61}}},"19":{"name":"(anonymous_19)","line":492,"loc":{"start":{"line":492,"column":69},"end":{"line":492,"column":98}}},"20":{"name":"(anonymous_20)","line":532,"loc":{"start":{"line":532,"column":70},"end":{"line":532,"column":99}}},"21":{"name":"DefaultHandler","line":560,"loc":{"start":{"line":560,"column":0},"end":{"line":560,"column":44}}},"22":{"name":"DefaultHandler$reset","line":599,"loc":{"start":{"line":599,"column":34},"end":{"line":599,"column":66}}},"23":{"name":"DefaultHandler$_tagStack$last","line":603,"loc":{"start":{"line":603,"column":24},"end":{"line":603,"column":66}}},"24":{"name":"DefaultHandler$done","line":608,"loc":{"start":{"line":608,"column":33},"end":{"line":608,"column":65}}},"25":{"name":"DefaultHandler$writeTag","line":612,"loc":{"start":{"line":612,"column":37},"end":{"line":612,"column":80}}},"26":{"name":"DefaultHandler$writeText","line":615,"loc":{"start":{"line":615,"column":38},"end":{"line":615,"column":82}}},"27":{"name":"DefaultHandler$writeComment","line":621,"loc":{"start":{"line":621,"column":41},"end":{"line":621,"column":88}}},"28":{"name":"DefaultHandler$writeDirective","line":624,"loc":{"start":{"line":624,"column":43},"end":{"line":624,"column":92}}},"29":{"name":"DefaultHandler$error","line":627,"loc":{"start":{"line":627,"column":34},"end":{"line":627,"column":72}}},"30":{"name":"DefaultHandler$handleCallback","line":638,"loc":{"start":{"line":638,"column":43},"end":{"line":638,"column":90}}},"31":{"name":"(anonymous_31)","line":647,"loc":{"start":{"line":647,"column":39},"end":{"line":647,"column":57}}},"32":{"name":"DefaultHandler$handleElement","line":655,"loc":{"start":{"line":655,"column":42},"end":{"line":655,"column":90}}},"33":{"name":"DomUtils$testElement","line":711,"loc":{"start":{"line":711,"column":17},"end":{"line":711,"column":66}}},"34":{"name":"DomUtils$getElements","line":745,"loc":{"start":{"line":745,"column":17},"end":{"line":745,"column":89}}},"35":{"name":"getTest","line":756,"loc":{"start":{"line":756,"column":3},"end":{"line":756,"column":31}}},"36":{"name":"(anonymous_36)","line":757,"loc":{"start":{"line":757,"column":11},"end":{"line":757,"column":28}}},"37":{"name":"DomUtils$getElementById","line":791,"loc":{"start":{"line":791,"column":20},"end":{"line":791,"column":83}}},"38":{"name":"DomUtils$getElementsByTagName","line":796,"loc":{"start":{"line":796,"column":26},"end":{"line":796,"column":104}}},"39":{"name":"DomUtils$getElementsByTagType","line":800,"loc":{"start":{"line":800,"column":26},"end":{"line":800,"column":104}}},"40":{"name":"inherits","line":805,"loc":{"start":{"line":805,"column":1},"end":{"line":805,"column":37}}},"41":{"name":"(anonymous_41)","line":806,"loc":{"start":{"line":806,"column":17},"end":{"line":806,"column":27}}}},"statementMap":{"1":{"start":{"line":23,"column":0},"end":{"line":823,"column":5}},"2":{"start":{"line":25,"column":0},"end":{"line":37,"column":1}},"3":{"start":{"line":26,"column":1},"end":{"line":36,"column":4}},"4":{"start":{"line":39,"column":0},"end":{"line":46,"column":1}},"5":{"start":{"line":40,"column":1},"end":{"line":43,"column":9}},"6":{"start":{"line":41,"column":2},"end":{"line":41,"column":27}},"7":{"start":{"line":42,"column":6},"end":{"line":43,"column":9}},"8":{"start":{"line":43,"column":2},"end":{"line":43,"column":9}},"9":{"start":{"line":44,"column":1},"end":{"line":44,"column":41}},"10":{"start":{"line":45,"column":1},"end":{"line":45,"column":46}},"11":{"start":{"line":49,"column":0},"end":{"line":56,"column":1}},"12":{"start":{"line":58,"column":0},"end":{"line":67,"column":1}},"13":{"start":{"line":59,"column":1},"end":{"line":59,"column":41}},"14":{"start":{"line":60,"column":1},"end":{"line":62,"column":2}},"15":{"start":{"line":61,"column":2},"end":{"line":61,"column":40}},"16":{"start":{"line":64,"column":1},"end":{"line":64,"column":31}},"17":{"start":{"line":65,"column":1},"end":{"line":65,"column":25}},"18":{"start":{"line":66,"column":1},"end":{"line":66,"column":14}},"19":{"start":{"line":71,"column":1},"end":{"line":71,"column":33}},"20":{"start":{"line":72,"column":1},"end":{"line":72,"column":40}},"21":{"start":{"line":73,"column":1},"end":{"line":73,"column":30}},"22":{"start":{"line":74,"column":1},"end":{"line":74,"column":46}},"23":{"start":{"line":77,"column":1},"end":{"line":78,"column":120}},"24":{"start":{"line":79,"column":1},"end":{"line":79,"column":28}},"25":{"start":{"line":84,"column":1},"end":{"line":88,"column":2}},"26":{"start":{"line":85,"column":2},"end":{"line":85,"column":15}},"27":{"start":{"line":86,"column":2},"end":{"line":86,"column":24}},"28":{"start":{"line":87,"column":2},"end":{"line":87,"column":14}},"29":{"start":{"line":91,"column":1},"end":{"line":96,"column":2}},"30":{"start":{"line":92,"column":2},"end":{"line":93,"column":86}},"31":{"start":{"line":93,"column":3},"end":{"line":93,"column":86}},"32":{"start":{"line":94,"column":2},"end":{"line":94,"column":23}},"33":{"start":{"line":95,"column":2},"end":{"line":95,"column":19}},"34":{"start":{"line":99,"column":1},"end":{"line":121,"column":2}},"35":{"start":{"line":100,"column":2},"end":{"line":101,"column":10}},"36":{"start":{"line":101,"column":3},"end":{"line":101,"column":10}},"37":{"start":{"line":102,"column":2},"end":{"line":102,"column":20}},"38":{"start":{"line":105,"column":2},"end":{"line":117,"column":3}},"39":{"start":{"line":106,"column":3},"end":{"line":106,"column":30}},"40":{"start":{"line":107,"column":3},"end":{"line":107,"column":21}},"41":{"start":{"line":108,"column":3},"end":{"line":112,"column":6}},"42":{"start":{"line":113,"column":3},"end":{"line":114,"column":51}},"43":{"start":{"line":114,"column":4},"end":{"line":114,"column":51}},"44":{"start":{"line":115,"column":3},"end":{"line":115,"column":30}},"45":{"start":{"line":116,"column":3},"end":{"line":116,"column":32}},"46":{"start":{"line":119,"column":2},"end":{"line":119,"column":22}},"47":{"start":{"line":120,"column":2},"end":{"line":120,"column":23}},"48":{"start":{"line":124,"column":1},"end":{"line":141,"column":2}},"49":{"start":{"line":125,"column":2},"end":{"line":125,"column":20}},"50":{"start":{"line":126,"column":2},"end":{"line":126,"column":21}},"51":{"start":{"line":127,"column":2},"end":{"line":127,"column":22}},"52":{"start":{"line":128,"column":2},"end":{"line":128,"column":28}},"53":{"start":{"line":129,"column":2},"end":{"line":129,"column":20}},"54":{"start":{"line":130,"column":2},"end":{"line":130,"column":17}},"55":{"start":{"line":131,"column":2},"end":{"line":136,"column":4}},"56":{"start":{"line":137,"column":2},"end":{"line":137,"column":38}},"57":{"start":{"line":138,"column":2},"end":{"line":138,"column":24}},"58":{"start":{"line":139,"column":2},"end":{"line":139,"column":22}},"59":{"start":{"line":140,"column":2},"end":{"line":140,"column":24}},"60":{"start":{"line":145,"column":1},"end":{"line":145,"column":34}},"61":{"start":{"line":146,"column":1},"end":{"line":146,"column":34}},"62":{"start":{"line":147,"column":1},"end":{"line":147,"column":33}},"63":{"start":{"line":148,"column":1},"end":{"line":148,"column":32}},"64":{"start":{"line":149,"column":1},"end":{"line":149,"column":36}},"65":{"start":{"line":150,"column":1},"end":{"line":150,"column":39}},"66":{"start":{"line":151,"column":1},"end":{"line":151,"column":31}},"67":{"start":{"line":152,"column":1},"end":{"line":152,"column":28}},"68":{"start":{"line":153,"column":1},"end":{"line":153,"column":35}},"69":{"start":{"line":154,"column":1},"end":{"line":154,"column":49}},"70":{"start":{"line":155,"column":1},"end":{"line":155,"column":35}},"71":{"start":{"line":158,"column":1},"end":{"line":158,"column":35}},"72":{"start":{"line":162,"column":1},"end":{"line":173,"column":2}},"73":{"start":{"line":163,"column":2},"end":{"line":163,"column":31}},"74":{"start":{"line":164,"column":2},"end":{"line":164,"column":14}},"75":{"start":{"line":166,"column":2},"end":{"line":170,"column":3}},"76":{"start":{"line":167,"column":3},"end":{"line":167,"column":33}},"77":{"start":{"line":168,"column":3},"end":{"line":169,"column":31}},"78":{"start":{"line":169,"column":4},"end":{"line":169,"column":31}},"79":{"start":{"line":172,"column":2},"end":{"line":172,"column":19}},"80":{"start":{"line":176,"column":1},"end":{"line":202,"column":2}},"81":{"start":{"line":178,"column":2},"end":{"line":179,"column":10}},"82":{"start":{"line":179,"column":3},"end":{"line":179,"column":10}},"83":{"start":{"line":181,"column":2},"end":{"line":181,"column":63}},"84":{"start":{"line":182,"column":2},"end":{"line":182,"column":57}},"85":{"start":{"line":183,"column":2},"end":{"line":184,"column":10}},"86":{"start":{"line":184,"column":3},"end":{"line":184,"column":10}},"87":{"start":{"line":186,"column":2},"end":{"line":186,"column":12}},"88":{"start":{"line":187,"column":2},"end":{"line":187,"column":33}},"89":{"start":{"line":188,"column":2},"end":{"line":201,"column":3}},"90":{"start":{"line":189,"column":3},"end":{"line":190,"column":25}},"91":{"start":{"line":190,"column":4},"end":{"line":190,"column":25}},"92":{"start":{"line":192,"column":3},"end":{"line":200,"column":4}},"93":{"start":{"line":193,"column":4},"end":{"line":193,"column":41}},"94":{"start":{"line":194,"column":10},"end":{"line":200,"column":4}},"95":{"start":{"line":195,"column":4},"end":{"line":195,"column":63}},"96":{"start":{"line":196,"column":10},"end":{"line":200,"column":4}},"97":{"start":{"line":197,"column":4},"end":{"line":197,"column":41}},"98":{"start":{"line":198,"column":10},"end":{"line":200,"column":4}},"99":{"start":{"line":199,"column":4},"end":{"line":199,"column":41}},"100":{"start":{"line":205,"column":1},"end":{"line":212,"column":2}},"101":{"start":{"line":206,"column":2},"end":{"line":207,"column":14}},"102":{"start":{"line":207,"column":3},"end":{"line":207,"column":14}},"103":{"start":{"line":208,"column":2},"end":{"line":208,"column":43}},"104":{"start":{"line":209,"column":2},"end":{"line":210,"column":14}},"105":{"start":{"line":210,"column":3},"end":{"line":210,"column":14}},"106":{"start":{"line":211,"column":2},"end":{"line":211,"column":43}},"107":{"start":{"line":216,"column":1},"end":{"line":385,"column":2}},"108":{"start":{"line":217,"column":2},"end":{"line":217,"column":42}},"109":{"start":{"line":218,"column":2},"end":{"line":373,"column":3}},"110":{"start":{"line":219,"column":3},"end":{"line":219,"column":45}},"111":{"start":{"line":220,"column":3},"end":{"line":220,"column":48}},"112":{"start":{"line":221,"column":3},"end":{"line":221,"column":67}},"113":{"start":{"line":224,"column":3},"end":{"line":228,"column":5}},"114":{"start":{"line":230,"column":3},"end":{"line":230,"column":53}},"115":{"start":{"line":234,"column":3},"end":{"line":303,"column":4}},"116":{"start":{"line":235,"column":4},"end":{"line":302,"column":5}},"117":{"start":{"line":236,"column":5},"end":{"line":249,"column":6}},"118":{"start":{"line":237,"column":6},"end":{"line":237,"column":27}},"119":{"start":{"line":239,"column":6},"end":{"line":248,"column":7}},"120":{"start":{"line":241,"column":7},"end":{"line":241,"column":39}},"121":{"start":{"line":243,"column":7},"end":{"line":247,"column":8}},"122":{"start":{"line":244,"column":8},"end":{"line":244,"column":68}},"123":{"start":{"line":245,"column":8},"end":{"line":245,"column":94}},"124":{"start":{"line":246,"column":8},"end":{"line":246,"column":40}},"125":{"start":{"line":251,"column":9},"end":{"line":302,"column":5}},"126":{"start":{"line":252,"column":5},"end":{"line":273,"column":6}},"127":{"start":{"line":253,"column":6},"end":{"line":253,"column":27}},"128":{"start":{"line":255,"column":6},"end":{"line":272,"column":7}},"129":{"start":{"line":257,"column":7},"end":{"line":257,"column":39}},"130":{"start":{"line":259,"column":7},"end":{"line":271,"column":8}},"131":{"start":{"line":260,"column":8},"end":{"line":260,"column":68}},"132":{"start":{"line":261,"column":8},"end":{"line":266,"column":9}},"133":{"start":{"line":262,"column":9},"end":{"line":262,"column":95}},"134":{"start":{"line":263,"column":9},"end":{"line":263,"column":41}},"135":{"start":{"line":265,"column":9},"end":{"line":265,"column":81}},"136":{"start":{"line":268,"column":8},"end":{"line":270,"column":9}},"137":{"start":{"line":269,"column":9},"end":{"line":269,"column":50}},"138":{"start":{"line":275,"column":9},"end":{"line":302,"column":5}},"139":{"start":{"line":276,"column":5},"end":{"line":276,"column":37}},"140":{"start":{"line":277,"column":5},"end":{"line":301,"column":6}},"141":{"start":{"line":279,"column":6},"end":{"line":279,"column":27}},"142":{"start":{"line":281,"column":6},"end":{"line":288,"column":42}},"143":{"start":{"line":282,"column":7},"end":{"line":282,"column":67}},"144":{"start":{"line":283,"column":7},"end":{"line":283,"column":111}},"145":{"start":{"line":284,"column":7},"end":{"line":284,"column":39}},"146":{"start":{"line":285,"column":7},"end":{"line":285,"column":39}},"147":{"start":{"line":288,"column":7},"end":{"line":288,"column":42}},"148":{"start":{"line":291,"column":6},"end":{"line":291,"column":41}},"149":{"start":{"line":293,"column":6},"end":{"line":300,"column":57}},"150":{"start":{"line":294,"column":7},"end":{"line":294,"column":67}},"151":{"start":{"line":295,"column":7},"end":{"line":295,"column":83}},"152":{"start":{"line":296,"column":7},"end":{"line":296,"column":39}},"153":{"start":{"line":297,"column":7},"end":{"line":297,"column":39}},"154":{"start":{"line":300,"column":7},"end":{"line":300,"column":57}},"155":{"start":{"line":306,"column":3},"end":{"line":344,"column":4}},"156":{"start":{"line":307,"column":4},"end":{"line":307,"column":31}},"157":{"start":{"line":308,"column":4},"end":{"line":308,"column":50}},"158":{"start":{"line":310,"column":4},"end":{"line":341,"column":38}},"159":{"start":{"line":311,"column":5},"end":{"line":311,"column":40}},"160":{"start":{"line":312,"column":5},"end":{"line":312,"column":28}},"161":{"start":{"line":313,"column":5},"end":{"line":313,"column":37}},"162":{"start":{"line":315,"column":5},"end":{"line":320,"column":6}},"163":{"start":{"line":316,"column":6},"end":{"line":316,"column":82}},"164":{"start":{"line":318,"column":6},"end":{"line":318,"column":28}},"165":{"start":{"line":319,"column":6},"end":{"line":319,"column":47}},"166":{"start":{"line":322,"column":9},"end":{"line":341,"column":38}},"167":{"start":{"line":323,"column":5},"end":{"line":323,"column":42}},"168":{"start":{"line":326,"column":9},"end":{"line":341,"column":38}},"169":{"start":{"line":327,"column":5},"end":{"line":327,"column":39}},"170":{"start":{"line":329,"column":5},"end":{"line":330,"column":46}},"171":{"start":{"line":330,"column":6},"end":{"line":330,"column":46}},"172":{"start":{"line":332,"column":9},"end":{"line":341,"column":38}},"173":{"start":{"line":333,"column":5},"end":{"line":333,"column":39}},"174":{"start":{"line":334,"column":9},"end":{"line":341,"column":38}},"175":{"start":{"line":335,"column":5},"end":{"line":335,"column":38}},"176":{"start":{"line":337,"column":5},"end":{"line":338,"column":45}},"177":{"start":{"line":338,"column":6},"end":{"line":338,"column":45}},"178":{"start":{"line":340,"column":9},"end":{"line":341,"column":38}},"179":{"start":{"line":341,"column":5},"end":{"line":341,"column":38}},"180":{"start":{"line":342,"column":4},"end":{"line":343,"column":33}},"181":{"start":{"line":343,"column":5},"end":{"line":343,"column":33}},"182":{"start":{"line":347,"column":3},"end":{"line":369,"column":4}},"183":{"start":{"line":348,"column":4},"end":{"line":350,"column":5}},"184":{"start":{"line":349,"column":5},"end":{"line":349,"column":74}},"185":{"start":{"line":351,"column":4},"end":{"line":351,"column":31}},"186":{"start":{"line":352,"column":4},"end":{"line":352,"column":33}},"187":{"start":{"line":354,"column":4},"end":{"line":368,"column":8}},"188":{"start":{"line":363,"column":5},"end":{"line":368,"column":8}},"189":{"start":{"line":370,"column":3},"end":{"line":370,"column":75}},"190":{"start":{"line":371,"column":3},"end":{"line":371,"column":34}},"191":{"start":{"line":372,"column":3},"end":{"line":372,"column":29}},"192":{"start":{"line":375,"column":2},"end":{"line":380,"column":3}},"193":{"start":{"line":376,"column":3},"end":{"line":376,"column":22}},"194":{"start":{"line":377,"column":3},"end":{"line":377,"column":49}},"195":{"start":{"line":378,"column":3},"end":{"line":378,"column":31}},"196":{"start":{"line":379,"column":3},"end":{"line":379,"column":33}},"197":{"start":{"line":381,"column":2},"end":{"line":381,"column":91}},"198":{"start":{"line":382,"column":2},"end":{"line":382,"column":20}},"199":{"start":{"line":384,"column":2},"end":{"line":384,"column":22}},"200":{"start":{"line":387,"column":1},"end":{"line":406,"column":2}},"201":{"start":{"line":388,"column":2},"end":{"line":391,"column":63}},"202":{"start":{"line":393,"column":2},"end":{"line":401,"column":3}},"203":{"start":{"line":394,"column":3},"end":{"line":394,"column":41}},"204":{"start":{"line":395,"column":3},"end":{"line":400,"column":4}},"205":{"start":{"line":396,"column":4},"end":{"line":396,"column":17}},"206":{"start":{"line":397,"column":4},"end":{"line":397,"column":14}},"207":{"start":{"line":398,"column":10},"end":{"line":400,"column":4}},"208":{"start":{"line":399,"column":4},"end":{"line":399,"column":12}},"209":{"start":{"line":402,"column":2},"end":{"line":405,"column":4}},"210":{"start":{"line":409,"column":1},"end":{"line":424,"column":2}},"211":{"start":{"line":410,"column":2},"end":{"line":411,"column":47}},"212":{"start":{"line":411,"column":3},"end":{"line":411,"column":47}},"213":{"start":{"line":412,"column":2},"end":{"line":413,"column":56}},"214":{"start":{"line":413,"column":3},"end":{"line":413,"column":56}},"215":{"start":{"line":414,"column":2},"end":{"line":415,"column":55}},"216":{"start":{"line":415,"column":3},"end":{"line":415,"column":55}},"217":{"start":{"line":416,"column":2},"end":{"line":417,"column":59}},"218":{"start":{"line":417,"column":3},"end":{"line":417,"column":59}},"219":{"start":{"line":418,"column":2},"end":{"line":419,"column":60}},"220":{"start":{"line":419,"column":3},"end":{"line":419,"column":60}},"221":{"start":{"line":420,"column":2},"end":{"line":421,"column":63}},"222":{"start":{"line":421,"column":3},"end":{"line":421,"column":63}},"223":{"start":{"line":422,"column":2},"end":{"line":423,"column":65}},"224":{"start":{"line":423,"column":3},"end":{"line":423,"column":65}},"225":{"start":{"line":427,"column":1},"end":{"line":448,"column":2}},"226":{"start":{"line":428,"column":2},"end":{"line":428,"column":28}},"227":{"start":{"line":429,"column":2},"end":{"line":430,"column":10}},"228":{"start":{"line":430,"column":3},"end":{"line":430,"column":10}},"229":{"start":{"line":431,"column":2},"end":{"line":447,"column":3}},"230":{"start":{"line":432,"column":3},"end":{"line":432,"column":40}},"231":{"start":{"line":433,"column":3},"end":{"line":446,"column":4}},"232":{"start":{"line":435,"column":5},"end":{"line":435,"column":41}},"233":{"start":{"line":436,"column":5},"end":{"line":436,"column":11}},"234":{"start":{"line":438,"column":5},"end":{"line":438,"column":43}},"235":{"start":{"line":439,"column":5},"end":{"line":439,"column":11}},"236":{"start":{"line":441,"column":5},"end":{"line":441,"column":38}},"237":{"start":{"line":442,"column":5},"end":{"line":442,"column":11}},"238":{"start":{"line":444,"column":5},"end":{"line":444,"column":37}},"239":{"start":{"line":445,"column":5},"end":{"line":445,"column":11}},"240":{"start":{"line":450,"column":1},"end":{"line":455,"column":2}},"241":{"start":{"line":451,"column":2},"end":{"line":454,"column":15}},"242":{"start":{"line":452,"column":3},"end":{"line":452,"column":30}},"243":{"start":{"line":454,"column":3},"end":{"line":454,"column":15}},"244":{"start":{"line":458,"column":0},"end":{"line":460,"column":1}},"245":{"start":{"line":459,"column":1},"end":{"line":459,"column":109}},"246":{"start":{"line":461,"column":0},"end":{"line":461,"column":37}},"247":{"start":{"line":463,"column":1},"end":{"line":556,"column":2}},"248":{"start":{"line":464,"column":2},"end":{"line":464,"column":17}},"249":{"start":{"line":465,"column":2},"end":{"line":465,"column":15}},"250":{"start":{"line":467,"column":2},"end":{"line":467,"column":126}},"251":{"start":{"line":467,"column":63},"end":{"line":467,"column":105}},"252":{"start":{"line":468,"column":2},"end":{"line":470,"column":3}},"253":{"start":{"line":469,"column":3},"end":{"line":469,"column":23}},"254":{"start":{"line":471,"column":2},"end":{"line":554,"column":3}},"255":{"start":{"line":472,"column":3},"end":{"line":551,"column":4}},"256":{"start":{"line":473,"column":4},"end":{"line":473,"column":22}},"257":{"start":{"line":474,"column":4},"end":{"line":474,"column":36}},"258":{"start":{"line":475,"column":4},"end":{"line":475,"column":17}},"259":{"start":{"line":476,"column":4},"end":{"line":478,"column":20}},"260":{"start":{"line":477,"column":5},"end":{"line":477,"column":103}},"261":{"start":{"line":479,"column":4},"end":{"line":481,"column":20}},"262":{"start":{"line":480,"column":5},"end":{"line":480,"column":101}},"263":{"start":{"line":482,"column":4},"end":{"line":484,"column":20}},"264":{"start":{"line":483,"column":5},"end":{"line":483,"column":115}},"265":{"start":{"line":485,"column":4},"end":{"line":487,"column":20}},"266":{"start":{"line":486,"column":5},"end":{"line":486,"column":123}},"267":{"start":{"line":488,"column":4},"end":{"line":490,"column":20}},"268":{"start":{"line":489,"column":5},"end":{"line":489,"column":113}},"269":{"start":{"line":491,"column":4},"end":{"line":491,"column":20}},"270":{"start":{"line":492,"column":4},"end":{"line":510,"column":7}},"271":{"start":{"line":493,"column":5},"end":{"line":493,"column":20}},"272":{"start":{"line":494,"column":5},"end":{"line":496,"column":21}},"273":{"start":{"line":495,"column":6},"end":{"line":495,"column":97}},"274":{"start":{"line":497,"column":5},"end":{"line":499,"column":21}},"275":{"start":{"line":498,"column":6},"end":{"line":498,"column":101}},"276":{"start":{"line":50
[...]
02f\\u2060-\\u206f\\ufeff\\ufff0-\\uffff]/g,","        escapable = /[\\\\\\\"\\x00-\\x1f\\x7f-\\x9f\\u00ad\\u0600-\\u0604\\u070f\\u17b4\\u17b5\\u200c-\\u200f\\u2028-\\u202f\\u2060-\\u206f\\ufeff\\ufff0-\\uffff]/g,","        gap,","        indent,","        meta = {    // table of character substitutions","            '\\b': '\\\\b',","            '\\t': '\\\\t',","            '\\n': '\\\\n',","            '\\f': '\\\\f',","            '\\r': '\\\\r',","            '\"' : '\\\\\"',","            '\\\\': '\\\\\\\\'","        },","        rep;","","","    function quote(string) {","","// If the string contains no control characters, no quote characters, and no","// backslash characters, then we can safely slap some quotes around it.","// Otherwise we must also replace the offending characters with safe escape","// sequences.","","        escapable.lastIndex = 0;","        return escapable.test(string) ?","            '\"' + string.replace(escapable, function (a) {","                var c = meta[a];","                return typeof c === 'string' ? c :","                    '\\\\u' + ('0000' + a.charCodeAt(0).toString(16)).slice(-4);","            }) + '\"' :","            '\"' + string + '\"';","    }","","","    function str(key, holder) {","","// Produce a string from holder[key].","","        var i,          // The loop counter.","            k,          // The member key.","            v,          // The member value.","            length,","            mind = gap,","            partial,","            value = holder[key];","","// If the value has a toJSON method, call it to obtain a replacement value.","","        if (value && typeof value === 'object' &&","                typeof value.toJSON === 'function') {","            value = value.toJSON(key);","        }","","// If we were called with a replacer function, then call the replacer to","// obtain a replacement value.","","        if (typeof rep === 'function') {","            value = rep.call(holder, key, value);","        }","","// What happens next depends on the value's type.","","        switch (typeof value) {","        case 'string':","            return quote(value);","","        case 'number':","","// JSON numbers must be finite. Encode non-finite numbers as null.","","            return isFinite(value) ? String(value) : 'null';","","        case 'boolean':","        case 'null':","","// If the value is a boolean or null, convert it to a string. Note:","// typeof null does not produce 'null'. The case is included here in","// the remote chance that this gets fixed someday.","","            return String(value);","","// If the type is 'object', we might be dealing with an object or an array or","// null.","","        case 'object':","","// Due to a specification blunder in ECMAScript, typeof null is 'object',","// so watch out for that case.","","            if (!value) {","                return 'null';","            }","","// Make an array to hold the partial results of stringifying this object value.","","            gap += indent;","            partial = [];","","// Is the value an array?","","            if (Object.prototype.toString.apply(value) === '[object Array]') {","","// The value is an array. Stringify every element. Use null as a placeholder","// for non-JSON values.","","                length = value.length;","                for (i = 0; i < length; i += 1) {","                    partial[i] = str(i, value) || 'null';","                }","","// Join all of the elements together, separated with commas, and wrap them in","// brackets.","","                v = partial.length === 0 ? '[]' :","                    gap ? '[\\n' + gap +","                            partial.join(',\\n' + gap) + '\\n' +","                                mind + ']' :","                          '[' + partial.join(',') + ']';","                gap = mind;","                return v;","            }","","// If the replacer is an array, use it to select the members to be stringified.","","            if (rep && typeof rep === 'object') {","                length = rep.length;","                for (i = 0; i < length; i += 1) {","                    k = rep[i];","                    if (typeof k === 'string') {","                        v = str(k, value);","                        if (v) {","                            partial.push(quote(k) + (gap ? ': ' : ':') + v);","                        }","                    }","                }","            } else {","","// Otherwise, iterate through all of the keys in the object.","","                for (k in value) {","                    if (Object.hasOwnProperty.call(value, k)) {","                        v = str(k, value);","                        if (v) {","                            partial.push(quote(k) + (gap ? ': ' : ':') + v);","                        }","                    }","                }","            }","","// Join all of the member texts together, separated with commas,","// and wrap them in braces.","","            v = partial.length === 0 ? '{}' :","                gap ? '{\\n' + gap + partial.join(',\\n' + gap) + '\\n' +","                        mind + '}' : '{' + partial.join(',') + '}';","            gap = mind;","            return v;","        }","    }","","// If the JSON object does not yet have a stringify method, give it one.","","    if (typeof JSON.stringify !== 'function') {","        JSON.stringify = function (value, replacer, space) {","","// The stringify method takes a value and an optional replacer, and an optional","// space parameter, and returns a JSON text. The replacer can be a function","// that can replace values, or an array of strings that will select the keys.","// A default replacer method can be provided. Use of the space parameter can","// produce text that is more easily readable.","","            var i;","            gap = '';","            indent = '';","","// If the space parameter is a number, make an indent string containing that","// many spaces.","","            if (typeof space === 'number') {","                for (i = 0; i < space; i += 1) {","                    indent += ' ';","                }","","// If the space parameter is a string, it will be used as the indent string.","","            } else if (typeof space === 'string') {","                indent = space;","            }","","// If there is a replacer, it must be a function or an array.","// Otherwise, throw an error.","","            rep = replacer;","            if (replacer && typeof replacer !== 'function' &&","                    (typeof replacer !== 'object' ||","                     typeof replacer.length !== 'number')) {","                throw new Error('JSON.stringify');","            }","","// Make a fake root object containing our value under the key of ''.","// Return the result of stringifying the value.","","            return str('', {'': value});","        };","    }","","","// If the JSON object does not yet have a parse method, give it one.","","    if (typeof JSON.parse !== 'function') {","        JSON.parse = function (text, reviver) {","","// The parse method takes a text and an optional reviver function, and returns","// a JavaScript value if the text is a valid JSON text.","","            var j;","","            function walk(holder, key) {","","// The walk method is used to recursively walk the resulting structure so","// that modifications can be made.","","                var k, v, value = holder[key];","                if (value && typeof value === 'object') {","                    for (k in value) {","                        if (Object.hasOwnProperty.call(value, k)) {","                            v = walk(value, k);","                            if (v !== undefined) {","                                value[k] = v;","                            } else {","                                delete value[k];","                            }","                        }","                    }","                }","                return reviver.call(holder, key, value);","            }","","","// Parsing happens in four stages. In the first stage, we replace certain","// Unicode characters with escape sequences. JavaScript handles many characters","// incorrectly, either silently deleting them, or treating them as line endings.","","            text = String(text);","            cx.lastIndex = 0;","            if (cx.test(text)) {","                text = text.replace(cx, function (a) {","                    return '\\\\u' +","                        ('0000' + a.charCodeAt(0).toString(16)).slice(-4);","                });","            }","","// In the second stage, we run the text against regular expressions that look","// for non-JSON patterns. We are especially concerned with '()' and 'new'","// because they can cause invocation, and '=' because it can cause mutation.","// But just to be safe, we want to reject all unexpected forms.","","// We split the second stage into 4 regexp operations in order to work around","// crippling inefficiencies in IE's and Safari's regexp engines. First we","// replace the JSON backslash pairs with '@' (a non-JSON character). Second, we","// replace all simple value tokens with ']' characters. Third, we delete all","// open brackets that follow a colon or comma or that begin the text. Finally,","// we look to see that the remaining characters are only whitespace or ']' or","// ',' or ':' or '{' or '}'. If that is so, then the text is safe for eval.","","            if (/^[\\],:{}\\s]*$/.","test(text.replace(/\\\\(?:[\"\\\\\\/bfnrt]|u[0-9a-fA-F]{4})/g, '@').","replace(/\"[^\"\\\\\\n\\r]*\"|true|false|null|-?\\d+(?:\\.\\d*)?(?:[eE][+\\-]?\\d+)?/g, ']').","replace(/(?:^|:|,)(?:\\s*\\[)+/g, ''))) {","","// In the third stage we use the eval function to compile the text into a","// JavaScript structure. The '{' operator is subject to a syntactic ambiguity","// in JavaScript: it can begin a block or an object literal. We wrap the text","// in parens to eliminate the ambiguity.","","                j = eval('(' + text + ')');","","// In the optional fourth stage, we recursively walk the new structure, passing","// each name/value pair to a reviver function for possible transformation.","","                return typeof reviver === 'function' ?","                    walk({'': j}, '') : j;","            }","","// If the text is not JSON parseable, then a SyntaxError is thrown.","","            throw new SyntaxError('JSON.parse');","        };","    }","}());",""],"l":{"162":1,"163":1,"166":1,"168":1,"170":0,"173":1,"175":0,"177":0,"186":0,"189":0,"193":1,"209":1,"216":0,"217":0,"219":0,"220":0,"227":1,"231":0,"241":0,"243":0,"249":0,"250":0,"255":0,"257":0,"263":0,"272":0,"282":0,"283":0,"288":0,"289":0,"293":0,"298":0,"299":0,"300":0,"306":0,"311":0,"312":0,"317":0,"318":0,"319":0,"320":0,"321":0,"322":0,"323":0,"324":0,"332":0,"333":0,"334":0,"335":0,"336":0,"345":0,"348":0,"349":0,"355":1,"356":0,"364":0,"365":0,"366":0,"371":0,"372":0,"373":0,"378":0,"379":0,"385":0,"386":0,"389":0,"395":0,"402":1,"403":0,"408":0,"410":1,"415":0,"416":0,"417":0,"418":0,"419":0,"420":0,"421":0,"423":0,"428":0,"436":0,"437":0,"438":0,"439":0,"440":0,"458":0,"468":0,"473":0,"479":0}},"/home/travis/build/npmtest/node-npmtest-htmlparser/node_modules/htmlparser/runtests.js":{"path":"/home/travis/build/npmtest/node-npmtest-htmlparser/node_modules/htmlparser/runtests.js","s":{"1":2,"2":2,"3":2,"4":2,"5":2,"6":2,"7":0,"8":0,"9":0,"10":0,"11":0,"12":0,"13":0,"14":0,"15":0,"16":0,"17":0,"18":0,"19":0,"20":0,"21":0,"22":0,"23":0,"24":0,"25":0,"26":0,"27":0,"28":0,"29":0,"30":0,"31":0,"32":0,"33":0,"34":0,"35":0,"36":0,"37":0,"38":0,"39":0,"40":0},"b":{"1":[0,0],"2":[0,0],"3":[0,0],"4":[0,0],"5":[0,0]},"f":{"1":0},"fnMap":{"1":{"name":"handlerCallback","line":38,"loc":{"start":{"line":38,"column":23},"end":{"line":38,"column":56}}}},"statementMap":{"1":{"start":{"line":22,"column":0},"end":{"line":22,"column":25}},"2":{"start":{"line":23,"column":0},"end":{"line":23,"column":23}},"3":{"start":{"line":24,"column":0},"end":{"line":24,"column":45}},"4":{"start":{"line":26,"column":0},"end":{"line":26,"column":27}},"5":{"start":{"line":27,"column":0},"end":{"line":27,"column":18}},"6":{"start":{"line":29,"column":0},"end":{"line":29,"column":43}},"7":{"start":{"line":30,"column":0},"end":{"line":30,"column":18}},"8":{"start":{"line":31,"column":0},"end":{"line":31,"column":20}},"9":{"start":{"line":32,"column":0},"end":{"line":73,"column":1}},"10":{"start":{"line":33,"column":1},"end":{"line":33,"column":13}},"11":{"start":{"line":34,"column":1},"end":{"line":34,"column":41}},"12":{"start":{"line":35,"column":1},"end":{"line":35,"column":17}},"13":{"start":{"line":36,"column":1},"end":{"line":36,"column":38}},"14":{"start":{"line":37,"column":1},"end":{"line":37,"column":51}},"15":{"start":{"line":38,"column":1},"end":{"line":41,"column":2}},"16":{"start":{"line":39,"column":2},"end":{"line":40,"column":39}},"17":{"start":{"line":40,"column":3},"end":{"line":40,"column":39}},"18":{"start":{"line":42,"column":1},"end":{"line":46,"column":3}},"19":{"start":{"line":47,"column":1},"end":{"line":47,"column":66}},"20":{"start":{"line":48,"column":1},"end":{"line":48,"column":33}},"21":{"start":{"line":49,"column":1},"end":{"line":49,"column":34}},"22":{"start":{"line":50,"column":1},"end":{"line":50,"column":18}},"23":{"start":{"line":51,"column":1},"end":{"line":51,"column":16}},"24":{"start":{"line":52,"column":1},"end":{"line":55,"column":2}},"25":{"start":{"line":53,"column":2},"end":{"line":53,"column":73}},"26":{"start":{"line":54,"column":2},"end":{"line":54,"column":24}},"27":{"start":{"line":56,"column":1},"end":{"line":56,"column":15}},"28":{"start":{"line":57,"column":1},"end":{"line":57,"column":31}},"29":{"start":{"line":58,"column":1},"end":{"line":62,"column":3}},"30":{"start":{"line":63,"column":1},"end":{"line":63,"column":73}},"31":{"start":{"line":64,"column":1},"end":{"line":72,"column":2}},"32":{"start":{"line":65,"column":2},"end":{"line":65,"column":16}},"33":{"start":{"line":66,"column":2},"end":{"line":66,"column":29}},"34":{"start":{"line":67,"column":2},"end":{"line":67,"column":53}},"35":{"start":{"line":68,"column":2},"end":{"line":68,"column":28}},"36":{"start":{"line":69,"column":2},"end":{"line":69,"column":50}},"37":{"start":{"line":70,"column":2},"end":{"line":70,"column":29}},"38":{"start":{"line":71,"column":2},"end":{"line":71,"column":52}},"39":{"start":{"line":74,"column":0},"end":{"line":74,"column":38}},"40":{"start":{"line":75,"column":0},"end":{"line":75,"column":41}}},"branchMap":{"1":{"line":39,"type":"if","locations":[{"start":{"line":39,"column":2},"end":{"line":39,"column":2}},{"start":{"line":39,"column":2},"end":{"line":39,"column":2}}]},"2":{"line":42,"type":"cond-expr","locations":[{"start":{"line":43,"column":2},"end":{"line":43,"column":66}},{"start":{"line":45,"column":2},"end":{"line":45,"column":70}}]},"3":{"line":59,"type":"binary-expr","locations":[{"start":{"line":59,"column":2},"end":{"line":59,"column":86}},{"start":{"line":61,"column":2},"end":{"line":61,"column":83}}]},"4":{"line":63,"type":"cond-expr","locations":[{"start":{"line":63,"column":51},"end":{"line":63,"column":59}},{"start":{"line":63,"column":62},"end":{"line":63,"column":70}}]},"5":{"line":64,"type":"if","locations":[{"start":{"line":64,"column":1},"end":{"line":64,"column":1}},{"start":{"line":64,"column":1},"end":{"line":64,"column":1}}]}},"code":["/***********************************************","Copyright 2010, Chris Winberry <chris@winberry.net>. All rights reserved.","Permission is hereby granted, free of charge, to any person obtaining a copy","of this software and associated documentation files (the \"Software\"), to","deal in the Software without restriction, including without limitation the","rights to use, copy, modify, merge, publish, distribute, sublicense, and/or","sell copies of the Software, and to permit persons to whom the Software is","furnished to do so, subject to the following conditions:"," ","The above copyright notice and this permission notice shall be included in","all copies or substantial portions of the Software."," ","THE SOFTWARE IS PROVIDED \"AS IS\", WITHOUT WARRANTY OF ANY KIND, EXPRESS OR","IMPLIED, INCLUDING BUT NOT LIMITED TO THE WARRANTIES OF MERCHANTABILITY,","FITNESS FOR A PARTICULAR PURPOSE AND NONINFRINGEMENT. IN NO EVENT SHALL THE","AUTHORS OR COPYRIGHT HOLDERS BE LIABLE FOR ANY CLAIM, DAMAGES OR OTHER","LIABILITY, WHETHER IN AN ACTION OF CONTRACT, TORT OR OTHERWISE, ARISING","FROM, OUT OF OR IN CONNECTION WITH THE SOFTWARE OR THE USE OR OTHER DEALINGS","IN THE SOFTWARE.","***********************************************/","","var sys = require(\"sys\");","var fs = require(\"fs\");","var htmlparser = require(\"./lib/htmlparser\");","","var testFolder = \"./tests\";","var chunkSize = 5;","","var testFiles = fs.readdirSync(testFolder);","var testCount = 0;","var failedCount = 0;","for (var i in testFiles) {","\ttestCount++;","\tvar fileParts = testFiles[i].split(\".\");","\tfileParts.pop();","\tvar moduleName = fileParts.join(\".\");","\tvar test = require(testFolder + \"/\" + moduleName);","\tvar handlerCallback = function handlerCallback (error) {","\t\tif (error)","\t\t\tsys.puts(\"Handler error: \" + error);","\t}","\tvar handler = (test.type == \"rss\") ?","\t\tnew htmlparser.RssHandler(handlerCallback, test.options.handler)","\t\t:","\t\tnew htmlparser.DefaultHandler(handlerCallback, test.options.handler)","\t\t;","\tvar parser = new htmlparser.Parser(handler, test.options.parser);","\tparser.parseComplete(test.html);","\tvar resultComplete = handler.dom;","\tvar chunkPos = 0;","\tparser.reset();","\twhile (chunkPos < test.html.length) {","\t\tparser.parseChunk(test.html.substring(chunkPos, chunkPos + chunkSize));","\t\tchunkPos += chunkSize;","\t}","\tparser.done();","\tvar resultChunk = handler.dom;","\tvar testResult =","\t\tsys.inspect(resultComplete, false, null) === sys.inspect(test.expected, false, null)","\t\t&&","\t\tsys.inspect(resultChunk, false, null) === sys.inspect(test.expected, false, null)","\t\t;","\tsys.puts(\"[\" + test.name + \"\\]: \" + (testResult ? \"passed\" : \"FAILED\"));","\tif (!testResult) {","\t\tfailedCount++;","\t\tsys.puts(\"== Complete ==\");","\t\tsys.puts(sys.inspect(resultComplete, false, null));","\t\tsys.puts(\"== Chunked ==\");","\t\tsys.puts(sys.inspect(resultChunk, false, null));","\t\tsys.puts(\"== Expected ==\");","\t\tsys.puts(sys.inspect(test.expected, false, null));","\t}","}","sys.puts(\"Total tests: \" + testCount);","sys.puts(\"Failed tests: \" + failedCount);",""],"l":{"22":2,"23":2,"24":2,"26":2,"27":2,"29":2,"30":0,"31":0,"32":0,"33":0,"34":0,"35":0,"36":0,"37":0,"38":0,"39":0,"40":0,"42":0,"47":0,"48":0,"49":0,"50":0,"51":0,"52":0,"53":0,"54":0,"56":0,"57":0,"58":0,"63":0,"64":0,"65":0,"66":0,"67":0,"68":0,"69":0,"70":0,"71":0,"74":0,"75":0}},"/home/travis/build/npmtest/node-npmtest-htmlparser/node_modules/htmlparser/lib/node-htmlparser.js":{"path":"/home/travis/build/npmtest/node-npmtest-htmlparser/node_modules/htmlparser/lib/node-htmlparser.js","s":{"1":1,"2":1,"3":1,"4":1,"5":1,"6":1},"b":{},"f":{},"fnMap":{},"statementMap":{"1":{"start":{"line":1,"column":0},"end":{"line":1,"column":41}},"2":{"start":{"line":2,"column":0},"end":{"line":2,"column":35}},"3":{"start":{"line":3,"column":0},"end":{"line":3,"column":51}},"4":{"start":{"line":4,"column":0},"end":{"line":4,"column":43}},"5":{"start":{"line":5,"column":0},"end":{"line":5,"column":45}},"6":{"start":{"line":6,"column":0},"end":{"line":6,"column":39}}},"branchMap":{},"code":["var htmlparser = require(\"./htmlparser\");","exports.Parser = htmlparser.Parser;","exports.DefaultHandler = htmlparser.DefaultHandler;","exports.RssHandler = htmlparser.RssHandler;","exports.ElementType = htmlparser.ElementType;","exports.DomUtils = htmlparser.DomUtils;",""],"l":{"1":1,"2":1,"3":1,"4":1,"5":1,"6":1}}}